[2025-02-17 23:49:59] local.ERROR: SQLSTATE[42P01]: Undefined table: 7 ERROR:  relation "forecasts" does not exist
LINE 1: select * from "forecasts" where "created_at"::date = $1 limi...
                      ^ (Connection: pgsql, SQL: select * from "forecasts" where "created_at"::date = 2025-02-17 limit 1) {"exception":"[object] (Illuminate\\Database\\QueryException(code: 42P01): SQLSTATE[42P01]: Undefined table: 7 ERROR:  relation \"forecasts\" does not exist
LINE 1: select * from \"forecasts\" where \"created_at\"::date = $1 limi...
                      ^ (Connection: pgsql, SQL: select * from \"forecasts\" where \"created_at\"::date = 2025-02-17 limit 1) at /var/www/vendor/illuminate/database/Connection.php:829)
[stacktrace]
#0 /var/www/vendor/illuminate/database/Connection.php(783): Illuminate\\Database\\Connection->runQueryCallback('select * from \"...', Array, Object(Closure))
#1 /var/www/vendor/illuminate/database/Connection.php(414): Illuminate\\Database\\Connection->run('select * from \"...', Array, Object(Closure))
#2 /var/www/vendor/illuminate/database/Query/Builder.php(2913): Illuminate\\Database\\Connection->select('select * from \"...', Array, true)
#3 /var/www/vendor/illuminate/database/Query/Builder.php(2902): Illuminate\\Database\\Query\\Builder->runSelect()
#4 /var/www/vendor/illuminate/database/Query/Builder.php(3456): Illuminate\\Database\\Query\\Builder->Illuminate\\Database\\Query\\{closure}()
#5 /var/www/vendor/illuminate/database/Query/Builder.php(2901): Illuminate\\Database\\Query\\Builder->onceWithColumns(Array, Object(Closure))
#6 /var/www/vendor/illuminate/database/Eloquent/Builder.php(739): Illuminate\\Database\\Query\\Builder->get(Array)
#7 /var/www/vendor/illuminate/database/Eloquent/Builder.php(723): Illuminate\\Database\\Eloquent\\Builder->getModels(Array)
#8 /var/www/vendor/illuminate/database/Concerns/BuildsQueries.php(333): Illuminate\\Database\\Eloquent\\Builder->get(Array)
#9 /var/www/app/Services/Internal/ForecastService.php(152): Illuminate\\Database\\Eloquent\\Builder->first()
#10 /var/www/app/Http/Controllers/ForecastController.php(21): App\\Services\\Internal\\ForecastService->getForecastByCreatedAt('2025-02-17')
#11 /var/www/vendor/illuminate/container/BoundMethod.php(36): App\\Http\\Controllers\\ForecastController->getLiveForecast(Object(App\\Services\\Internal\\ForecastService))
#12 /var/www/vendor/illuminate/container/Util.php(41): Illuminate\\Container\\BoundMethod::Illuminate\\Container\\{closure}()
#13 /var/www/vendor/illuminate/container/BoundMethod.php(93): Illuminate\\Container\\Util::unwrapIfClosure(Object(Closure))
#14 /var/www/vendor/illuminate/container/BoundMethod.php(35): Illuminate\\Container\\BoundMethod::callBoundMethod(Object(Laravel\\Lumen\\Application), Array, Object(Closure))
#15 /var/www/vendor/illuminate/container/Container.php(662): Illuminate\\Container\\BoundMethod::call(Object(Laravel\\Lumen\\Application), Array, Array, NULL)
#16 /var/www/vendor/laravel/lumen-framework/src/Concerns/RoutesRequests.php(391): Illuminate\\Container\\Container->call(Array, Array)
#17 /var/www/vendor/laravel/lumen-framework/src/Concerns/RoutesRequests.php(356): Laravel\\Lumen\\Application->callControllerCallable(Array, Array)
#18 /var/www/vendor/laravel/lumen-framework/src/Concerns/RoutesRequests.php(331): Laravel\\Lumen\\Application->callLumenController(Object(App\\Http\\Controllers\\ForecastController), 'getLiveForecast', Array)
#19 /var/www/vendor/laravel/lumen-framework/src/Concerns/RoutesRequests.php(284): Laravel\\Lumen\\Application->callControllerAction(Array)
#20 /var/www/vendor/laravel/lumen-framework/src/Concerns/RoutesRequests.php(269): Laravel\\Lumen\\Application->callActionOnArrayBasedRoute(Array)
#21 /var/www/vendor/laravel/lumen-framework/src/Concerns/RoutesRequests.php(171): Laravel\\Lumen\\Application->handleFoundRoute(Array)
#22 /var/www/vendor/laravel/lumen-framework/src/Routing/Pipeline.php(48): Laravel\\Lumen\\Application->Laravel\\Lumen\\Concerns\\{closure}(Object(Laravel\\Lumen\\Http\\Request))
#23 /var/www/app/Http/Middleware/CorsMiddleware.php(23): Laravel\\Lumen\\Routing\\Pipeline->Laravel\\Lumen\\Routing\\{closure}(Object(Laravel\\Lumen\\Http\\Request))
#24 /var/www/vendor/illuminate/pipeline/Pipeline.php(183): App\\Http\\Middleware\\CorsMiddleware->handle(Object(Laravel\\Lumen\\Http\\Request), Object(Closure))
#25 /var/www/vendor/laravel/lumen-framework/src/Routing/Pipeline.php(30): Illuminate\\Pipeline\\Pipeline->Illuminate\\Pipeline\\{closure}(Object(Laravel\\Lumen\\Http\\Request))
#26 /var/www/vendor/illuminate/pipeline/Pipeline.php(119): Laravel\\Lumen\\Routing\\Pipeline->Laravel\\Lumen\\Routing\\{closure}(Object(Laravel\\Lumen\\Http\\Request))
#27 /var/www/vendor/laravel/lumen-framework/src/Concerns/RoutesRequests.php(428): Illuminate\\Pipeline\\Pipeline->then(Object(Closure))
#28 /var/www/vendor/laravel/lumen-framework/src/Concerns/RoutesRequests.php(167): Laravel\\Lumen\\Application->sendThroughPipeline(Array, Object(Closure))
#29 /var/www/vendor/laravel/lumen-framework/src/Concerns/RoutesRequests.php(112): Laravel\\Lumen\\Application->dispatch(NULL)
#30 /var/www/public/index.php(28): Laravel\\Lumen\\Application->run()
#31 {main}

[previous exception] [object] (PDOException(code: 42P01): SQLSTATE[42P01]: Undefined table: 7 ERROR:  relation \"forecasts\" does not exist
LINE 1: select * from \"forecasts\" where \"created_at\"::date = $1 limi...
                      ^ at /var/www/vendor/illuminate/database/Connection.php:428)
[stacktrace]
#0 /var/www/vendor/illuminate/database/Connection.php(428): PDOStatement->execute()
#1 /var/www/vendor/illuminate/database/Connection.php(816): Illuminate\\Database\\Connection->Illuminate\\Database\\{closure}('select * from \"...', Array)
#2 /var/www/vendor/illuminate/database/Connection.php(783): Illuminate\\Database\\Connection->runQueryCallback('select * from \"...', Array, Object(Closure))
#3 /var/www/vendor/illuminate/database/Connection.php(414): Illuminate\\Database\\Connection->run('select * from \"...', Array, Object(Closure))
#4 /var/www/vendor/illuminate/database/Query/Builder.php(2913): Illuminate\\Database\\Connection->select('select * from \"...', Array, true)
#5 /var/www/vendor/illuminate/database/Query/Builder.php(2902): Illuminate\\Database\\Query\\Builder->runSelect()
#6 /var/www/vendor/illuminate/database/Query/Builder.php(3456): Illuminate\\Database\\Query\\Builder->Illuminate\\Database\\Query\\{closure}()
#7 /var/www/vendor/illuminate/database/Query/Builder.php(2901): Illuminate\\Database\\Query\\Builder->onceWithColumns(Array, Object(Closure))
#8 /var/www/vendor/illuminate/database/Eloquent/Builder.php(739): Illuminate\\Database\\Query\\Builder->get(Array)
#9 /var/www/vendor/illuminate/database/Eloquent/Builder.php(723): Illuminate\\Database\\Eloquent\\Builder->getModels(Array)
#10 /var/www/vendor/illuminate/database/Concerns/BuildsQueries.php(333): Illuminate\\Database\\Eloquent\\Builder->get(Array)
#11 /var/www/app/Services/Internal/ForecastService.php(152): Illuminate\\Database\\Eloquent\\Builder->first()
#12 /var/www/app/Http/Controllers/ForecastController.php(21): App\\Services\\Internal\\ForecastService->getForecastByCreatedAt('2025-02-17')
#13 /var/www/vendor/illuminate/container/BoundMethod.php(36): App\\Http\\Controllers\\ForecastController->getLiveForecast(Object(App\\Services\\Internal\\ForecastService))
#14 /var/www/vendor/illuminate/container/Util.php(41): Illuminate\\Container\\BoundMethod::Illuminate\\Container\\{closure}()
#15 /var/www/vendor/illuminate/container/BoundMethod.php(93): Illuminate\\Container\\Util::unwrapIfClosure(Object(Closure))
#16 /var/www/vendor/illuminate/container/BoundMethod.php(35): Illuminate\\Container\\BoundMethod::callBoundMethod(Object(Laravel\\Lumen\\Application), Array, Object(Closure))
#17 /var/www/vendor/illuminate/container/Container.php(662): Illuminate\\Container\\BoundMethod::call(Object(Laravel\\Lumen\\Application), Array, Array, NULL)
#18 /var/www/vendor/laravel/lumen-framework/src/Concerns/RoutesRequests.php(391): Illuminate\\Container\\Container->call(Array, Array)
#19 /var/www/vendor/laravel/lumen-framework/src/Concerns/RoutesRequests.php(356): Laravel\\Lumen\\Application->callControllerCallable(Array, Array)
#20 /var/www/vendor/laravel/lumen-framework/src/Concerns/RoutesRequests.php(331): Laravel\\Lumen\\Application->callLumenController(Object(App\\Http\\Controllers\\ForecastController), 'getLiveForecast', Array)
#21 /var/www/vendor/laravel/lumen-framework/src/Concerns/RoutesRequests.php(284): Laravel\\Lumen\\Application->callControllerAction(Array)
#22 /var/www/vendor/laravel/lumen-framework/src/Concerns/RoutesRequests.php(269): Laravel\\Lumen\\Application->callActionOnArrayBasedRoute(Array)
#23 /var/www/vendor/laravel/lumen-framework/src/Concerns/RoutesRequests.php(171): Laravel\\Lumen\\Application->handleFoundRoute(Array)
#24 /var/www/vendor/laravel/lumen-framework/src/Routing/Pipeline.php(48): Laravel\\Lumen\\Application->Laravel\\Lumen\\Concerns\\{closure}(Object(Laravel\\Lumen\\Http\\Request))
#25 /var/www/app/Http/Middleware/CorsMiddleware.php(23): Laravel\\Lumen\\Routing\\Pipeline->Laravel\\Lumen\\Routing\\{closure}(Object(Laravel\\Lumen\\Http\\Request))
#26 /var/www/vendor/illuminate/pipeline/Pipeline.php(183): App\\Http\\Middleware\\CorsMiddleware->handle(Object(Laravel\\Lumen\\Http\\Request), Object(Closure))
#27 /var/www/vendor/laravel/lumen-framework/src/Routing/Pipeline.php(30): Illuminate\\Pipeline\\Pipeline->Illuminate\\Pipeline\\{closure}(Object(Laravel\\Lumen\\Http\\Request))
#28 /var/www/vendor/illuminate/pipeline/Pipeline.php(119): Laravel\\Lumen\\Routing\\Pipeline->Laravel\\Lumen\\Routing\\{closure}(Object(Laravel\\Lumen\\Http\\Request))
#29 /var/www/vendor/laravel/lumen-framework/src/Concerns/RoutesRequests.php(428): Illuminate\\Pipeline\\Pipeline->then(Object(Closure))
#30 /var/www/vendor/laravel/lumen-framework/src/Concerns/RoutesRequests.php(167): Laravel\\Lumen\\Application->sendThroughPipeline(Array, Object(Closure))
#31 /var/www/vendor/laravel/lumen-framework/src/Concerns/RoutesRequests.php(112): Laravel\\Lumen\\Application->dispatch(NULL)
#32 /var/www/public/index.php(28): Laravel\\Lumen\\Application->run()
#33 {main}
"} 
[2025-02-17 23:50:10] local.ERROR: SQLSTATE[42P01]: Undefined table: 7 ERROR:  relation "forecasts" does not exist
LINE 1: select * from "forecasts" where "created_at"::date = $1 limi...
                      ^ (Connection: pgsql, SQL: select * from "forecasts" where "created_at"::date = 2025-02-17 limit 1) {"exception":"[object] (Illuminate\\Database\\QueryException(code: 42P01): SQLSTATE[42P01]: Undefined table: 7 ERROR:  relation \"forecasts\" does not exist
LINE 1: select * from \"forecasts\" where \"created_at\"::date = $1 limi...
                      ^ (Connection: pgsql, SQL: select * from \"forecasts\" where \"created_at\"::date = 2025-02-17 limit 1) at /var/www/vendor/illuminate/database/Connection.php:829)
[stacktrace]
#0 /var/www/vendor/illuminate/database/Connection.php(783): Illuminate\\Database\\Connection->runQueryCallback('select * from \"...', Array, Object(Closure))
#1 /var/www/vendor/illuminate/database/Connection.php(414): Illuminate\\Database\\Connection->run('select * from \"...', Array, Object(Closure))
#2 /var/www/vendor/illuminate/database/Query/Builder.php(2913): Illuminate\\Database\\Connection->select('select * from \"...', Array, true)
#3 /var/www/vendor/illuminate/database/Query/Builder.php(2902): Illuminate\\Database\\Query\\Builder->runSelect()
#4 /var/www/vendor/illuminate/database/Query/Builder.php(3456): Illuminate\\Database\\Query\\Builder->Illuminate\\Database\\Query\\{closure}()
#5 /var/www/vendor/illuminate/database/Query/Builder.php(2901): Illuminate\\Database\\Query\\Builder->onceWithColumns(Array, Object(Closure))
#6 /var/www/vendor/illuminate/database/Eloquent/Builder.php(739): Illuminate\\Database\\Query\\Builder->get(Array)
#7 /var/www/vendor/illuminate/database/Eloquent/Builder.php(723): Illuminate\\Database\\Eloquent\\Builder->getModels(Array)
#8 /var/www/vendor/illuminate/database/Concerns/BuildsQueries.php(333): Illuminate\\Database\\Eloquent\\Builder->get(Array)
#9 /var/www/app/Services/Internal/ForecastService.php(152): Illuminate\\Database\\Eloquent\\Builder->first()
#10 /var/www/app/Http/Controllers/ForecastController.php(21): App\\Services\\Internal\\ForecastService->getForecastByCreatedAt('2025-02-17')
#11 /var/www/vendor/illuminate/container/BoundMethod.php(36): App\\Http\\Controllers\\ForecastController->getLiveForecast(Object(App\\Services\\Internal\\ForecastService))
#12 /var/www/vendor/illuminate/container/Util.php(41): Illuminate\\Container\\BoundMethod::Illuminate\\Container\\{closure}()
#13 /var/www/vendor/illuminate/container/BoundMethod.php(93): Illuminate\\Container\\Util::unwrapIfClosure(Object(Closure))
#14 /var/www/vendor/illuminate/container/BoundMethod.php(35): Illuminate\\Container\\BoundMethod::callBoundMethod(Object(Laravel\\Lumen\\Application), Array, Object(Closure))
#15 /var/www/vendor/illuminate/container/Container.php(662): Illuminate\\Container\\BoundMethod::call(Object(Laravel\\Lumen\\Application), Array, Array, NULL)
#16 /var/www/vendor/laravel/lumen-framework/src/Concerns/RoutesRequests.php(391): Illuminate\\Container\\Container->call(Array, Array)
#17 /var/www/vendor/laravel/lumen-framework/src/Concerns/RoutesRequests.php(356): Laravel\\Lumen\\Application->callControllerCallable(Array, Array)
#18 /var/www/vendor/laravel/lumen-framework/src/Concerns/RoutesRequests.php(331): Laravel\\Lumen\\Application->callLumenController(Object(App\\Http\\Controllers\\ForecastController), 'getLiveForecast', Array)
#19 /var/www/vendor/laravel/lumen-framework/src/Concerns/RoutesRequests.php(284): Laravel\\Lumen\\Application->callControllerAction(Array)
#20 /var/www/vendor/laravel/lumen-framework/src/Concerns/RoutesRequests.php(269): Laravel\\Lumen\\Application->callActionOnArrayBasedRoute(Array)
#21 /var/www/vendor/laravel/lumen-framework/src/Concerns/RoutesRequests.php(171): Laravel\\Lumen\\Application->handleFoundRoute(Array)
#22 /var/www/vendor/laravel/lumen-framework/src/Routing/Pipeline.php(48): Laravel\\Lumen\\Application->Laravel\\Lumen\\Concerns\\{closure}(Object(Laravel\\Lumen\\Http\\Request))
#23 /var/www/app/Http/Middleware/CorsMiddleware.php(23): Laravel\\Lumen\\Routing\\Pipeline->Laravel\\Lumen\\Routing\\{closure}(Object(Laravel\\Lumen\\Http\\Request))
#24 /var/www/vendor/illuminate/pipeline/Pipeline.php(183): App\\Http\\Middleware\\CorsMiddleware->handle(Object(Laravel\\Lumen\\Http\\Request), Object(Closure))
#25 /var/www/vendor/laravel/lumen-framework/src/Routing/Pipeline.php(30): Illuminate\\Pipeline\\Pipeline->Illuminate\\Pipeline\\{closure}(Object(Laravel\\Lumen\\Http\\Request))
#26 /var/www/vendor/illuminate/pipeline/Pipeline.php(119): Laravel\\Lumen\\Routing\\Pipeline->Laravel\\Lumen\\Routing\\{closure}(Object(Laravel\\Lumen\\Http\\Request))
#27 /var/www/vendor/laravel/lumen-framework/src/Concerns/RoutesRequests.php(428): Illuminate\\Pipeline\\Pipeline->then(Object(Closure))
#28 /var/www/vendor/laravel/lumen-framework/src/Concerns/RoutesRequests.php(167): Laravel\\Lumen\\Application->sendThroughPipeline(Array, Object(Closure))
#29 /var/www/vendor/laravel/lumen-framework/src/Concerns/RoutesRequests.php(112): Laravel\\Lumen\\Application->dispatch(NULL)
#30 /var/www/public/index.php(28): Laravel\\Lumen\\Application->run()
#31 {main}

[previous exception] [object] (PDOException(code: 42P01): SQLSTATE[42P01]: Undefined table: 7 ERROR:  relation \"forecasts\" does not exist
LINE 1: select * from \"forecasts\" where \"created_at\"::date = $1 limi...
                      ^ at /var/www/vendor/illuminate/database/Connection.php:428)
[stacktrace]
#0 /var/www/vendor/illuminate/database/Connection.php(428): PDOStatement->execute()
#1 /var/www/vendor/illuminate/database/Connection.php(816): Illuminate\\Database\\Connection->Illuminate\\Database\\{closure}('select * from \"...', Array)
#2 /var/www/vendor/illuminate/database/Connection.php(783): Illuminate\\Database\\Connection->runQueryCallback('select * from \"...', Array, Object(Closure))
#3 /var/www/vendor/illuminate/database/Connection.php(414): Illuminate\\Database\\Connection->run('select * from \"...', Array, Object(Closure))
#4 /var/www/vendor/illuminate/database/Query/Builder.php(2913): Illuminate\\Database\\Connection->select('select * from \"...', Array, true)
#5 /var/www/vendor/illuminate/database/Query/Builder.php(2902): Illuminate\\Database\\Query\\Builder->runSelect()
#6 /var/www/vendor/illuminate/database/Query/Builder.php(3456): Illuminate\\Database\\Query\\Builder->Illuminate\\Database\\Query\\{closure}()
#7 /var/www/vendor/illuminate/database/Query/Builder.php(2901): Illuminate\\Database\\Query\\Builder->onceWithColumns(Array, Object(Closure))
#8 /var/www/vendor/illuminate/database/Eloquent/Builder.php(739): Illuminate\\Database\\Query\\Builder->get(Array)
#9 /var/www/vendor/illuminate/database/Eloquent/Builder.php(723): Illuminate\\Database\\Eloquent\\Builder->getModels(Array)
#10 /var/www/vendor/illuminate/database/Concerns/BuildsQueries.php(333): Illuminate\\Database\\Eloquent\\Builder->get(Array)
#11 /var/www/app/Services/Internal/ForecastService.php(152): Illuminate\\Database\\Eloquent\\Builder->first()
#12 /var/www/app/Http/Controllers/ForecastController.php(21): App\\Services\\Internal\\ForecastService->getForecastByCreatedAt('2025-02-17')
#13 /var/www/vendor/illuminate/container/BoundMethod.php(36): App\\Http\\Controllers\\ForecastController->getLiveForecast(Object(App\\Services\\Internal\\ForecastService))
#14 /var/www/vendor/illuminate/container/Util.php(41): Illuminate\\Container\\BoundMethod::Illuminate\\Container\\{closure}()
#15 /var/www/vendor/illuminate/container/BoundMethod.php(93): Illuminate\\Container\\Util::unwrapIfClosure(Object(Closure))
#16 /var/www/vendor/illuminate/container/BoundMethod.php(35): Illuminate\\Container\\BoundMethod::callBoundMethod(Object(Laravel\\Lumen\\Application), Array, Object(Closure))
#17 /var/www/vendor/illuminate/container/Container.php(662): Illuminate\\Container\\BoundMethod::call(Object(Laravel\\Lumen\\Application), Array, Array, NULL)
#18 /var/www/vendor/laravel/lumen-framework/src/Concerns/RoutesRequests.php(391): Illuminate\\Container\\Container->call(Array, Array)
#19 /var/www/vendor/laravel/lumen-framework/src/Concerns/RoutesRequests.php(356): Laravel\\Lumen\\Application->callControllerCallable(Array, Array)
#20 /var/www/vendor/laravel/lumen-framework/src/Concerns/RoutesRequests.php(331): Laravel\\Lumen\\Application->callLumenController(Object(App\\Http\\Controllers\\ForecastController), 'getLiveForecast', Array)
#21 /var/www/vendor/laravel/lumen-framework/src/Concerns/RoutesRequests.php(284): Laravel\\Lumen\\Application->callControllerAction(Array)
#22 /var/www/vendor/laravel/lumen-framework/src/Concerns/RoutesRequests.php(269): Laravel\\Lumen\\Application->callActionOnArrayBasedRoute(Array)
#23 /var/www/vendor/laravel/lumen-framework/src/Concerns/RoutesRequests.php(171): Laravel\\Lumen\\Application->handleFoundRoute(Array)
#24 /var/www/vendor/laravel/lumen-framework/src/Routing/Pipeline.php(48): Laravel\\Lumen\\Application->Laravel\\Lumen\\Concerns\\{closure}(Object(Laravel\\Lumen\\Http\\Request))
#25 /var/www/app/Http/Middleware/CorsMiddleware.php(23): Laravel\\Lumen\\Routing\\Pipeline->Laravel\\Lumen\\Routing\\{closure}(Object(Laravel\\Lumen\\Http\\Request))
#26 /var/www/vendor/illuminate/pipeline/Pipeline.php(183): App\\Http\\Middleware\\CorsMiddleware->handle(Object(Laravel\\Lumen\\Http\\Request), Object(Closure))
#27 /var/www/vendor/laravel/lumen-framework/src/Routing/Pipeline.php(30): Illuminate\\Pipeline\\Pipeline->Illuminate\\Pipeline\\{closure}(Object(Laravel\\Lumen\\Http\\Request))
#28 /var/www/vendor/illuminate/pipeline/Pipeline.php(119): Laravel\\Lumen\\Routing\\Pipeline->Laravel\\Lumen\\Routing\\{closure}(Object(Laravel\\Lumen\\Http\\Request))
#29 /var/www/vendor/laravel/lumen-framework/src/Concerns/RoutesRequests.php(428): Illuminate\\Pipeline\\Pipeline->then(Object(Closure))
#30 /var/www/vendor/laravel/lumen-framework/src/Concerns/RoutesRequests.php(167): Laravel\\Lumen\\Application->sendThroughPipeline(Array, Object(Closure))
#31 /var/www/vendor/laravel/lumen-framework/src/Concerns/RoutesRequests.php(112): Laravel\\Lumen\\Application->dispatch(NULL)
#32 /var/www/public/index.php(28): Laravel\\Lumen\\Application->run()
#33 {main}
"} 
[2025-02-17 23:51:16] local.ERROR: SQLSTATE[42P01]: Undefined table: 7 ERROR:  relation "forecasts" does not exist
LINE 1: select * from "forecasts" where "created_at"::date = $1 limi...
                      ^ (Connection: pgsql, SQL: select * from "forecasts" where "created_at"::date = 2025-02-17 limit 1) {"exception":"[object] (Illuminate\\Database\\QueryException(code: 42P01): SQLSTATE[42P01]: Undefined table: 7 ERROR:  relation \"forecasts\" does not exist
LINE 1: select * from \"forecasts\" where \"created_at\"::date = $1 limi...
                      ^ (Connection: pgsql, SQL: select * from \"forecasts\" where \"created_at\"::date = 2025-02-17 limit 1) at /var/www/vendor/illuminate/database/Connection.php:829)
[stacktrace]
#0 /var/www/vendor/illuminate/database/Connection.php(783): Illuminate\\Database\\Connection->runQueryCallback('select * from \"...', Array, Object(Closure))
#1 /var/www/vendor/illuminate/database/Connection.php(414): Illuminate\\Database\\Connection->run('select * from \"...', Array, Object(Closure))
#2 /var/www/vendor/illuminate/database/Query/Builder.php(2913): Illuminate\\Database\\Connection->select('select * from \"...', Array, true)
#3 /var/www/vendor/illuminate/database/Query/Builder.php(2902): Illuminate\\Database\\Query\\Builder->runSelect()
#4 /var/www/vendor/illuminate/database/Query/Builder.php(3456): Illuminate\\Database\\Query\\Builder->Illuminate\\Database\\Query\\{closure}()
#5 /var/www/vendor/illuminate/database/Query/Builder.php(2901): Illuminate\\Database\\Query\\Builder->onceWithColumns(Array, Object(Closure))
#6 /var/www/vendor/illuminate/database/Eloquent/Builder.php(739): Illuminate\\Database\\Query\\Builder->get(Array)
#7 /var/www/vendor/illuminate/database/Eloquent/Builder.php(723): Illuminate\\Database\\Eloquent\\Builder->getModels(Array)
#8 /var/www/vendor/illuminate/database/Concerns/BuildsQueries.php(333): Illuminate\\Database\\Eloquent\\Builder->get(Array)
#9 /var/www/app/Services/Internal/ForecastService.php(152): Illuminate\\Database\\Eloquent\\Builder->first()
#10 /var/www/app/Http/Controllers/ForecastController.php(21): App\\Services\\Internal\\ForecastService->getForecastByCreatedAt('2025-02-17')
#11 /var/www/vendor/illuminate/container/BoundMethod.php(36): App\\Http\\Controllers\\ForecastController->getLiveForecast(Object(App\\Services\\Internal\\ForecastService))
#12 /var/www/vendor/illuminate/container/Util.php(41): Illuminate\\Container\\BoundMethod::Illuminate\\Container\\{closure}()
#13 /var/www/vendor/illuminate/container/BoundMethod.php(93): Illuminate\\Container\\Util::unwrapIfClosure(Object(Closure))
#14 /var/www/vendor/illuminate/container/BoundMethod.php(35): Illuminate\\Container\\BoundMethod::callBoundMethod(Object(Laravel\\Lumen\\Application), Array, Object(Closure))
#15 /var/www/vendor/illuminate/container/Container.php(662): Illuminate\\Container\\BoundMethod::call(Object(Laravel\\Lumen\\Application), Array, Array, NULL)
#16 /var/www/vendor/laravel/lumen-framework/src/Concerns/RoutesRequests.php(391): Illuminate\\Container\\Container->call(Array, Array)
#17 /var/www/vendor/laravel/lumen-framework/src/Concerns/RoutesRequests.php(356): Laravel\\Lumen\\Application->callControllerCallable(Array, Array)
#18 /var/www/vendor/laravel/lumen-framework/src/Concerns/RoutesRequests.php(331): Laravel\\Lumen\\Application->callLumenController(Object(App\\Http\\Controllers\\ForecastController), 'getLiveForecast', Array)
#19 /var/www/vendor/laravel/lumen-framework/src/Concerns/RoutesRequests.php(284): Laravel\\Lumen\\Application->callControllerAction(Array)
#20 /var/www/vendor/laravel/lumen-framework/src/Concerns/RoutesRequests.php(269): Laravel\\Lumen\\Application->callActionOnArrayBasedRoute(Array)
#21 /var/www/vendor/laravel/lumen-framework/src/Concerns/RoutesRequests.php(171): Laravel\\Lumen\\Application->handleFoundRoute(Array)
#22 /var/www/vendor/laravel/lumen-framework/src/Routing/Pipeline.php(48): Laravel\\Lumen\\Application->Laravel\\Lumen\\Concerns\\{closure}(Object(Laravel\\Lumen\\Http\\Request))
#23 /var/www/app/Http/Middleware/CorsMiddleware.php(23): Laravel\\Lumen\\Routing\\Pipeline->Laravel\\Lumen\\Routing\\{closure}(Object(Laravel\\Lumen\\Http\\Request))
#24 /var/www/vendor/illuminate/pipeline/Pipeline.php(183): App\\Http\\Middleware\\CorsMiddleware->handle(Object(Laravel\\Lumen\\Http\\Request), Object(Closure))
#25 /var/www/vendor/laravel/lumen-framework/src/Routing/Pipeline.php(30): Illuminate\\Pipeline\\Pipeline->Illuminate\\Pipeline\\{closure}(Object(Laravel\\Lumen\\Http\\Request))
#26 /var/www/vendor/illuminate/pipeline/Pipeline.php(119): Laravel\\Lumen\\Routing\\Pipeline->Laravel\\Lumen\\Routing\\{closure}(Object(Laravel\\Lumen\\Http\\Request))
#27 /var/www/vendor/laravel/lumen-framework/src/Concerns/RoutesRequests.php(428): Illuminate\\Pipeline\\Pipeline->then(Object(Closure))
#28 /var/www/vendor/laravel/lumen-framework/src/Concerns/RoutesRequests.php(167): Laravel\\Lumen\\Application->sendThroughPipeline(Array, Object(Closure))
#29 /var/www/vendor/laravel/lumen-framework/src/Concerns/RoutesRequests.php(112): Laravel\\Lumen\\Application->dispatch(NULL)
#30 /var/www/public/index.php(28): Laravel\\Lumen\\Application->run()
#31 {main}

[previous exception] [object] (PDOException(code: 42P01): SQLSTATE[42P01]: Undefined table: 7 ERROR:  relation \"forecasts\" does not exist
LINE 1: select * from \"forecasts\" where \"created_at\"::date = $1 limi...
                      ^ at /var/www/vendor/illuminate/database/Connection.php:428)
[stacktrace]
#0 /var/www/vendor/illuminate/database/Connection.php(428): PDOStatement->execute()
#1 /var/www/vendor/illuminate/database/Connection.php(816): Illuminate\\Database\\Connection->Illuminate\\Database\\{closure}('select * from \"...', Array)
#2 /var/www/vendor/illuminate/database/Connection.php(783): Illuminate\\Database\\Connection->runQueryCallback('select * from \"...', Array, Object(Closure))
#3 /var/www/vendor/illuminate/database/Connection.php(414): Illuminate\\Database\\Connection->run('select * from \"...', Array, Object(Closure))
#4 /var/www/vendor/illuminate/database/Query/Builder.php(2913): Illuminate\\Database\\Connection->select('select * from \"...', Array, true)
#5 /var/www/vendor/illuminate/database/Query/Builder.php(2902): Illuminate\\Database\\Query\\Builder->runSelect()
#6 /var/www/vendor/illuminate/database/Query/Builder.php(3456): Illuminate\\Database\\Query\\Builder->Illuminate\\Database\\Query\\{closure}()
#7 /var/www/vendor/illuminate/database/Query/Builder.php(2901): Illuminate\\Database\\Query\\Builder->onceWithColumns(Array, Object(Closure))
#8 /var/www/vendor/illuminate/database/Eloquent/Builder.php(739): Illuminate\\Database\\Query\\Builder->get(Array)
#9 /var/www/vendor/illuminate/database/Eloquent/Builder.php(723): Illuminate\\Database\\Eloquent\\Builder->getModels(Array)
#10 /var/www/vendor/illuminate/database/Concerns/BuildsQueries.php(333): Illuminate\\Database\\Eloquent\\Builder->get(Array)
#11 /var/www/app/Services/Internal/ForecastService.php(152): Illuminate\\Database\\Eloquent\\Builder->first()
#12 /var/www/app/Http/Controllers/ForecastController.php(21): App\\Services\\Internal\\ForecastService->getForecastByCreatedAt('2025-02-17')
#13 /var/www/vendor/illuminate/container/BoundMethod.php(36): App\\Http\\Controllers\\ForecastController->getLiveForecast(Object(App\\Services\\Internal\\ForecastService))
#14 /var/www/vendor/illuminate/container/Util.php(41): Illuminate\\Container\\BoundMethod::Illuminate\\Container\\{closure}()
#15 /var/www/vendor/illuminate/container/BoundMethod.php(93): Illuminate\\Container\\Util::unwrapIfClosure(Object(Closure))
#16 /var/www/vendor/illuminate/container/BoundMethod.php(35): Illuminate\\Container\\BoundMethod::callBoundMethod(Object(Laravel\\Lumen\\Application), Array, Object(Closure))
#17 /var/www/vendor/illuminate/container/Container.php(662): Illuminate\\Container\\BoundMethod::call(Object(Laravel\\Lumen\\Application), Array, Array, NULL)
#18 /var/www/vendor/laravel/lumen-framework/src/Concerns/RoutesRequests.php(391): Illuminate\\Container\\Container->call(Array, Array)
#19 /var/www/vendor/laravel/lumen-framework/src/Concerns/RoutesRequests.php(356): Laravel\\Lumen\\Application->callControllerCallable(Array, Array)
#20 /var/www/vendor/laravel/lumen-framework/src/Concerns/RoutesRequests.php(331): Laravel\\Lumen\\Application->callLumenController(Object(App\\Http\\Controllers\\ForecastController), 'getLiveForecast', Array)
#21 /var/www/vendor/laravel/lumen-framework/src/Concerns/RoutesRequests.php(284): Laravel\\Lumen\\Application->callControllerAction(Array)
#22 /var/www/vendor/laravel/lumen-framework/src/Concerns/RoutesRequests.php(269): Laravel\\Lumen\\Application->callActionOnArrayBasedRoute(Array)
#23 /var/www/vendor/laravel/lumen-framework/src/Concerns/RoutesRequests.php(171): Laravel\\Lumen\\Application->handleFoundRoute(Array)
#24 /var/www/vendor/laravel/lumen-framework/src/Routing/Pipeline.php(48): Laravel\\Lumen\\Application->Laravel\\Lumen\\Concerns\\{closure}(Object(Laravel\\Lumen\\Http\\Request))
#25 /var/www/app/Http/Middleware/CorsMiddleware.php(23): Laravel\\Lumen\\Routing\\Pipeline->Laravel\\Lumen\\Routing\\{closure}(Object(Laravel\\Lumen\\Http\\Request))
#26 /var/www/vendor/illuminate/pipeline/Pipeline.php(183): App\\Http\\Middleware\\CorsMiddleware->handle(Object(Laravel\\Lumen\\Http\\Request), Object(Closure))
#27 /var/www/vendor/laravel/lumen-framework/src/Routing/Pipeline.php(30): Illuminate\\Pipeline\\Pipeline->Illuminate\\Pipeline\\{closure}(Object(Laravel\\Lumen\\Http\\Request))
#28 /var/www/vendor/illuminate/pipeline/Pipeline.php(119): Laravel\\Lumen\\Routing\\Pipeline->Laravel\\Lumen\\Routing\\{closure}(Object(Laravel\\Lumen\\Http\\Request))
#29 /var/www/vendor/laravel/lumen-framework/src/Concerns/RoutesRequests.php(428): Illuminate\\Pipeline\\Pipeline->then(Object(Closure))
#30 /var/www/vendor/laravel/lumen-framework/src/Concerns/RoutesRequests.php(167): Laravel\\Lumen\\Application->sendThroughPipeline(Array, Object(Closure))
#31 /var/www/vendor/laravel/lumen-framework/src/Concerns/RoutesRequests.php(112): Laravel\\Lumen\\Application->dispatch(NULL)
#32 /var/www/public/index.php(28): Laravel\\Lumen\\Application->run()
#33 {main}
"} 
[2025-02-17 23:52:11] local.ERROR: SQLSTATE[42P01]: Undefined table: 7 ERROR:  relation "forecasts" does not exist
LINE 1: select * from "forecasts" where "created_at"::date = $1 limi...
                      ^ (Connection: pgsql, SQL: select * from "forecasts" where "created_at"::date = 2025-02-17 limit 1) {"exception":"[object] (Illuminate\\Database\\QueryException(code: 42P01): SQLSTATE[42P01]: Undefined table: 7 ERROR:  relation \"forecasts\" does not exist
LINE 1: select * from \"forecasts\" where \"created_at\"::date = $1 limi...
                      ^ (Connection: pgsql, SQL: select * from \"forecasts\" where \"created_at\"::date = 2025-02-17 limit 1) at /var/www/vendor/illuminate/database/Connection.php:829)
[stacktrace]
#0 /var/www/vendor/illuminate/database/Connection.php(783): Illuminate\\Database\\Connection->runQueryCallback('select * from \"...', Array, Object(Closure))
#1 /var/www/vendor/illuminate/database/Connection.php(414): Illuminate\\Database\\Connection->run('select * from \"...', Array, Object(Closure))
#2 /var/www/vendor/illuminate/database/Query/Builder.php(2913): Illuminate\\Database\\Connection->select('select * from \"...', Array, true)
#3 /var/www/vendor/illuminate/database/Query/Builder.php(2902): Illuminate\\Database\\Query\\Builder->runSelect()
#4 /var/www/vendor/illuminate/database/Query/Builder.php(3456): Illuminate\\Database\\Query\\Builder->Illuminate\\Database\\Query\\{closure}()
#5 /var/www/vendor/illuminate/database/Query/Builder.php(2901): Illuminate\\Database\\Query\\Builder->onceWithColumns(Array, Object(Closure))
#6 /var/www/vendor/illuminate/database/Eloquent/Builder.php(739): Illuminate\\Database\\Query\\Builder->get(Array)
#7 /var/www/vendor/illuminate/database/Eloquent/Builder.php(723): Illuminate\\Database\\Eloquent\\Builder->getModels(Array)
#8 /var/www/vendor/illuminate/database/Concerns/BuildsQueries.php(333): Illuminate\\Database\\Eloquent\\Builder->get(Array)
#9 /var/www/app/Services/Internal/ForecastService.php(152): Illuminate\\Database\\Eloquent\\Builder->first()
#10 /var/www/app/Http/Controllers/ForecastController.php(21): App\\Services\\Internal\\ForecastService->getForecastByCreatedAt('2025-02-17')
#11 /var/www/vendor/illuminate/container/BoundMethod.php(36): App\\Http\\Controllers\\ForecastController->getLiveForecast(Object(App\\Services\\Internal\\ForecastService))
#12 /var/www/vendor/illuminate/container/Util.php(41): Illuminate\\Container\\BoundMethod::Illuminate\\Container\\{closure}()
#13 /var/www/vendor/illuminate/container/BoundMethod.php(93): Illuminate\\Container\\Util::unwrapIfClosure(Object(Closure))
#14 /var/www/vendor/illuminate/container/BoundMethod.php(35): Illuminate\\Container\\BoundMethod::callBoundMethod(Object(Laravel\\Lumen\\Application), Array, Object(Closure))
#15 /var/www/vendor/illuminate/container/Container.php(662): Illuminate\\Container\\BoundMethod::call(Object(Laravel\\Lumen\\Application), Array, Array, NULL)
#16 /var/www/vendor/laravel/lumen-framework/src/Concerns/RoutesRequests.php(391): Illuminate\\Container\\Container->call(Array, Array)
#17 /var/www/vendor/laravel/lumen-framework/src/Concerns/RoutesRequests.php(356): Laravel\\Lumen\\Application->callControllerCallable(Array, Array)
#18 /var/www/vendor/laravel/lumen-framework/src/Concerns/RoutesRequests.php(331): Laravel\\Lumen\\Application->callLumenController(Object(App\\Http\\Controllers\\ForecastController), 'getLiveForecast', Array)
#19 /var/www/vendor/laravel/lumen-framework/src/Concerns/RoutesRequests.php(284): Laravel\\Lumen\\Application->callControllerAction(Array)
#20 /var/www/vendor/laravel/lumen-framework/src/Concerns/RoutesRequests.php(269): Laravel\\Lumen\\Application->callActionOnArrayBasedRoute(Array)
#21 /var/www/vendor/laravel/lumen-framework/src/Concerns/RoutesRequests.php(171): Laravel\\Lumen\\Application->handleFoundRoute(Array)
#22 /var/www/vendor/laravel/lumen-framework/src/Routing/Pipeline.php(48): Laravel\\Lumen\\Application->Laravel\\Lumen\\Concerns\\{closure}(Object(Laravel\\Lumen\\Http\\Request))
#23 /var/www/app/Http/Middleware/CorsMiddleware.php(23): Laravel\\Lumen\\Routing\\Pipeline->Laravel\\Lumen\\Routing\\{closure}(Object(Laravel\\Lumen\\Http\\Request))
#24 /var/www/vendor/illuminate/pipeline/Pipeline.php(183): App\\Http\\Middleware\\CorsMiddleware->handle(Object(Laravel\\Lumen\\Http\\Request), Object(Closure))
#25 /var/www/vendor/laravel/lumen-framework/src/Routing/Pipeline.php(30): Illuminate\\Pipeline\\Pipeline->Illuminate\\Pipeline\\{closure}(Object(Laravel\\Lumen\\Http\\Request))
#26 /var/www/vendor/illuminate/pipeline/Pipeline.php(119): Laravel\\Lumen\\Routing\\Pipeline->Laravel\\Lumen\\Routing\\{closure}(Object(Laravel\\Lumen\\Http\\Request))
#27 /var/www/vendor/laravel/lumen-framework/src/Concerns/RoutesRequests.php(428): Illuminate\\Pipeline\\Pipeline->then(Object(Closure))
#28 /var/www/vendor/laravel/lumen-framework/src/Concerns/RoutesRequests.php(167): Laravel\\Lumen\\Application->sendThroughPipeline(Array, Object(Closure))
#29 /var/www/vendor/laravel/lumen-framework/src/Concerns/RoutesRequests.php(112): Laravel\\Lumen\\Application->dispatch(NULL)
#30 /var/www/public/index.php(28): Laravel\\Lumen\\Application->run()
#31 {main}

[previous exception] [object] (PDOException(code: 42P01): SQLSTATE[42P01]: Undefined table: 7 ERROR:  relation \"forecasts\" does not exist
LINE 1: select * from \"forecasts\" where \"created_at\"::date = $1 limi...
                      ^ at /var/www/vendor/illuminate/database/Connection.php:428)
[stacktrace]
#0 /var/www/vendor/illuminate/database/Connection.php(428): PDOStatement->execute()
#1 /var/www/vendor/illuminate/database/Connection.php(816): Illuminate\\Database\\Connection->Illuminate\\Database\\{closure}('select * from \"...', Array)
#2 /var/www/vendor/illuminate/database/Connection.php(783): Illuminate\\Database\\Connection->runQueryCallback('select * from \"...', Array, Object(Closure))
#3 /var/www/vendor/illuminate/database/Connection.php(414): Illuminate\\Database\\Connection->run('select * from \"...', Array, Object(Closure))
#4 /var/www/vendor/illuminate/database/Query/Builder.php(2913): Illuminate\\Database\\Connection->select('select * from \"...', Array, true)
#5 /var/www/vendor/illuminate/database/Query/Builder.php(2902): Illuminate\\Database\\Query\\Builder->runSelect()
#6 /var/www/vendor/illuminate/database/Query/Builder.php(3456): Illuminate\\Database\\Query\\Builder->Illuminate\\Database\\Query\\{closure}()
#7 /var/www/vendor/illuminate/database/Query/Builder.php(2901): Illuminate\\Database\\Query\\Builder->onceWithColumns(Array, Object(Closure))
#8 /var/www/vendor/illuminate/database/Eloquent/Builder.php(739): Illuminate\\Database\\Query\\Builder->get(Array)
#9 /var/www/vendor/illuminate/database/Eloquent/Builder.php(723): Illuminate\\Database\\Eloquent\\Builder->getModels(Array)
#10 /var/www/vendor/illuminate/database/Concerns/BuildsQueries.php(333): Illuminate\\Database\\Eloquent\\Builder->get(Array)
#11 /var/www/app/Services/Internal/ForecastService.php(152): Illuminate\\Database\\Eloquent\\Builder->first()
#12 /var/www/app/Http/Controllers/ForecastController.php(21): App\\Services\\Internal\\ForecastService->getForecastByCreatedAt('2025-02-17')
#13 /var/www/vendor/illuminate/container/BoundMethod.php(36): App\\Http\\Controllers\\ForecastController->getLiveForecast(Object(App\\Services\\Internal\\ForecastService))
#14 /var/www/vendor/illuminate/container/Util.php(41): Illuminate\\Container\\BoundMethod::Illuminate\\Container\\{closure}()
#15 /var/www/vendor/illuminate/container/BoundMethod.php(93): Illuminate\\Container\\Util::unwrapIfClosure(Object(Closure))
#16 /var/www/vendor/illuminate/container/BoundMethod.php(35): Illuminate\\Container\\BoundMethod::callBoundMethod(Object(Laravel\\Lumen\\Application), Array, Object(Closure))
#17 /var/www/vendor/illuminate/container/Container.php(662): Illuminate\\Container\\BoundMethod::call(Object(Laravel\\Lumen\\Application), Array, Array, NULL)
#18 /var/www/vendor/laravel/lumen-framework/src/Concerns/RoutesRequests.php(391): Illuminate\\Container\\Container->call(Array, Array)
#19 /var/www/vendor/laravel/lumen-framework/src/Concerns/RoutesRequests.php(356): Laravel\\Lumen\\Application->callControllerCallable(Array, Array)
#20 /var/www/vendor/laravel/lumen-framework/src/Concerns/RoutesRequests.php(331): Laravel\\Lumen\\Application->callLumenController(Object(App\\Http\\Controllers\\ForecastController), 'getLiveForecast', Array)
#21 /var/www/vendor/laravel/lumen-framework/src/Concerns/RoutesRequests.php(284): Laravel\\Lumen\\Application->callControllerAction(Array)
#22 /var/www/vendor/laravel/lumen-framework/src/Concerns/RoutesRequests.php(269): Laravel\\Lumen\\Application->callActionOnArrayBasedRoute(Array)
#23 /var/www/vendor/laravel/lumen-framework/src/Concerns/RoutesRequests.php(171): Laravel\\Lumen\\Application->handleFoundRoute(Array)
#24 /var/www/vendor/laravel/lumen-framework/src/Routing/Pipeline.php(48): Laravel\\Lumen\\Application->Laravel\\Lumen\\Concerns\\{closure}(Object(Laravel\\Lumen\\Http\\Request))
#25 /var/www/app/Http/Middleware/CorsMiddleware.php(23): Laravel\\Lumen\\Routing\\Pipeline->Laravel\\Lumen\\Routing\\{closure}(Object(Laravel\\Lumen\\Http\\Request))
#26 /var/www/vendor/illuminate/pipeline/Pipeline.php(183): App\\Http\\Middleware\\CorsMiddleware->handle(Object(Laravel\\Lumen\\Http\\Request), Object(Closure))
#27 /var/www/vendor/laravel/lumen-framework/src/Routing/Pipeline.php(30): Illuminate\\Pipeline\\Pipeline->Illuminate\\Pipeline\\{closure}(Object(Laravel\\Lumen\\Http\\Request))
#28 /var/www/vendor/illuminate/pipeline/Pipeline.php(119): Laravel\\Lumen\\Routing\\Pipeline->Laravel\\Lumen\\Routing\\{closure}(Object(Laravel\\Lumen\\Http\\Request))
#29 /var/www/vendor/laravel/lumen-framework/src/Concerns/RoutesRequests.php(428): Illuminate\\Pipeline\\Pipeline->then(Object(Closure))
#30 /var/www/vendor/laravel/lumen-framework/src/Concerns/RoutesRequests.php(167): Laravel\\Lumen\\Application->sendThroughPipeline(Array, Object(Closure))
#31 /var/www/vendor/laravel/lumen-framework/src/Concerns/RoutesRequests.php(112): Laravel\\Lumen\\Application->dispatch(NULL)
#32 /var/www/public/index.php(28): Laravel\\Lumen\\Application->run()
#33 {main}
"} 
[2025-02-17 23:57:38] local.ERROR: SQLSTATE[42P01]: Undefined table: 7 ERROR:  relation "forecasts" does not exist
LINE 1: select * from "forecasts" where "created_at"::date = $1 limi...
                      ^ (Connection: pgsql, SQL: select * from "forecasts" where "created_at"::date = 2025-02-17 limit 1) {"exception":"[object] (Illuminate\\Database\\QueryException(code: 42P01): SQLSTATE[42P01]: Undefined table: 7 ERROR:  relation \"forecasts\" does not exist
LINE 1: select * from \"forecasts\" where \"created_at\"::date = $1 limi...
                      ^ (Connection: pgsql, SQL: select * from \"forecasts\" where \"created_at\"::date = 2025-02-17 limit 1) at /var/www/vendor/illuminate/database/Connection.php:829)
[stacktrace]
#0 /var/www/vendor/illuminate/database/Connection.php(783): Illuminate\\Database\\Connection->runQueryCallback('select * from \"...', Array, Object(Closure))
#1 /var/www/vendor/illuminate/database/Connection.php(414): Illuminate\\Database\\Connection->run('select * from \"...', Array, Object(Closure))
#2 /var/www/vendor/illuminate/database/Query/Builder.php(2913): Illuminate\\Database\\Connection->select('select * from \"...', Array, true)
#3 /var/www/vendor/illuminate/database/Query/Builder.php(2902): Illuminate\\Database\\Query\\Builder->runSelect()
#4 /var/www/vendor/illuminate/database/Query/Builder.php(3456): Illuminate\\Database\\Query\\Builder->Illuminate\\Database\\Query\\{closure}()
#5 /var/www/vendor/illuminate/database/Query/Builder.php(2901): Illuminate\\Database\\Query\\Builder->onceWithColumns(Array, Object(Closure))
#6 /var/www/vendor/illuminate/database/Eloquent/Builder.php(739): Illuminate\\Database\\Query\\Builder->get(Array)
#7 /var/www/vendor/illuminate/database/Eloquent/Builder.php(723): Illuminate\\Database\\Eloquent\\Builder->getModels(Array)
#8 /var/www/vendor/illuminate/database/Concerns/BuildsQueries.php(333): Illuminate\\Database\\Eloquent\\Builder->get(Array)
#9 /var/www/app/Services/Internal/ForecastService.php(152): Illuminate\\Database\\Eloquent\\Builder->first()
#10 /var/www/app/Http/Controllers/ForecastController.php(21): App\\Services\\Internal\\ForecastService->getForecastByCreatedAt('2025-02-17')
#11 /var/www/vendor/illuminate/container/BoundMethod.php(36): App\\Http\\Controllers\\ForecastController->getLiveForecast(Object(App\\Services\\Internal\\ForecastService))
#12 /var/www/vendor/illuminate/container/Util.php(41): Illuminate\\Container\\BoundMethod::Illuminate\\Container\\{closure}()
#13 /var/www/vendor/illuminate/container/BoundMethod.php(93): Illuminate\\Container\\Util::unwrapIfClosure(Object(Closure))
#14 /var/www/vendor/illuminate/container/BoundMethod.php(35): Illuminate\\Container\\BoundMethod::callBoundMethod(Object(Laravel\\Lumen\\Application), Array, Object(Closure))
#15 /var/www/vendor/illuminate/container/Container.php(662): Illuminate\\Container\\BoundMethod::call(Object(Laravel\\Lumen\\Application), Array, Array, NULL)
#16 /var/www/vendor/laravel/lumen-framework/src/Concerns/RoutesRequests.php(391): Illuminate\\Container\\Container->call(Array, Array)
#17 /var/www/vendor/laravel/lumen-framework/src/Concerns/RoutesRequests.php(356): Laravel\\Lumen\\Application->callControllerCallable(Array, Array)
#18 /var/www/vendor/laravel/lumen-framework/src/Concerns/RoutesRequests.php(331): Laravel\\Lumen\\Application->callLumenController(Object(App\\Http\\Controllers\\ForecastController), 'getLiveForecast', Array)
#19 /var/www/vendor/laravel/lumen-framework/src/Concerns/RoutesRequests.php(284): Laravel\\Lumen\\Application->callControllerAction(Array)
#20 /var/www/vendor/laravel/lumen-framework/src/Concerns/RoutesRequests.php(269): Laravel\\Lumen\\Application->callActionOnArrayBasedRoute(Array)
#21 /var/www/vendor/laravel/lumen-framework/src/Concerns/RoutesRequests.php(171): Laravel\\Lumen\\Application->handleFoundRoute(Array)
#22 /var/www/vendor/laravel/lumen-framework/src/Routing/Pipeline.php(48): Laravel\\Lumen\\Application->Laravel\\Lumen\\Concerns\\{closure}(Object(Laravel\\Lumen\\Http\\Request))
#23 /var/www/app/Http/Middleware/CorsMiddleware.php(23): Laravel\\Lumen\\Routing\\Pipeline->Laravel\\Lumen\\Routing\\{closure}(Object(Laravel\\Lumen\\Http\\Request))
#24 /var/www/vendor/illuminate/pipeline/Pipeline.php(183): App\\Http\\Middleware\\CorsMiddleware->handle(Object(Laravel\\Lumen\\Http\\Request), Object(Closure))
#25 /var/www/vendor/laravel/lumen-framework/src/Routing/Pipeline.php(30): Illuminate\\Pipeline\\Pipeline->Illuminate\\Pipeline\\{closure}(Object(Laravel\\Lumen\\Http\\Request))
#26 /var/www/vendor/illuminate/pipeline/Pipeline.php(119): Laravel\\Lumen\\Routing\\Pipeline->Laravel\\Lumen\\Routing\\{closure}(Object(Laravel\\Lumen\\Http\\Request))
#27 /var/www/vendor/laravel/lumen-framework/src/Concerns/RoutesRequests.php(428): Illuminate\\Pipeline\\Pipeline->then(Object(Closure))
#28 /var/www/vendor/laravel/lumen-framework/src/Concerns/RoutesRequests.php(167): Laravel\\Lumen\\Application->sendThroughPipeline(Array, Object(Closure))
#29 /var/www/vendor/laravel/lumen-framework/src/Concerns/RoutesRequests.php(112): Laravel\\Lumen\\Application->dispatch(NULL)
#30 /var/www/public/index.php(28): Laravel\\Lumen\\Application->run()
#31 {main}

[previous exception] [object] (PDOException(code: 42P01): SQLSTATE[42P01]: Undefined table: 7 ERROR:  relation \"forecasts\" does not exist
LINE 1: select * from \"forecasts\" where \"created_at\"::date = $1 limi...
                      ^ at /var/www/vendor/illuminate/database/Connection.php:428)
[stacktrace]
#0 /var/www/vendor/illuminate/database/Connection.php(428): PDOStatement->execute()
#1 /var/www/vendor/illuminate/database/Connection.php(816): Illuminate\\Database\\Connection->Illuminate\\Database\\{closure}('select * from \"...', Array)
#2 /var/www/vendor/illuminate/database/Connection.php(783): Illuminate\\Database\\Connection->runQueryCallback('select * from \"...', Array, Object(Closure))
#3 /var/www/vendor/illuminate/database/Connection.php(414): Illuminate\\Database\\Connection->run('select * from \"...', Array, Object(Closure))
#4 /var/www/vendor/illuminate/database/Query/Builder.php(2913): Illuminate\\Database\\Connection->select('select * from \"...', Array, true)
#5 /var/www/vendor/illuminate/database/Query/Builder.php(2902): Illuminate\\Database\\Query\\Builder->runSelect()
#6 /var/www/vendor/illuminate/database/Query/Builder.php(3456): Illuminate\\Database\\Query\\Builder->Illuminate\\Database\\Query\\{closure}()
#7 /var/www/vendor/illuminate/database/Query/Builder.php(2901): Illuminate\\Database\\Query\\Builder->onceWithColumns(Array, Object(Closure))
#8 /var/www/vendor/illuminate/database/Eloquent/Builder.php(739): Illuminate\\Database\\Query\\Builder->get(Array)
#9 /var/www/vendor/illuminate/database/Eloquent/Builder.php(723): Illuminate\\Database\\Eloquent\\Builder->getModels(Array)
#10 /var/www/vendor/illuminate/database/Concerns/BuildsQueries.php(333): Illuminate\\Database\\Eloquent\\Builder->get(Array)
#11 /var/www/app/Services/Internal/ForecastService.php(152): Illuminate\\Database\\Eloquent\\Builder->first()
#12 /var/www/app/Http/Controllers/ForecastController.php(21): App\\Services\\Internal\\ForecastService->getForecastByCreatedAt('2025-02-17')
#13 /var/www/vendor/illuminate/container/BoundMethod.php(36): App\\Http\\Controllers\\ForecastController->getLiveForecast(Object(App\\Services\\Internal\\ForecastService))
#14 /var/www/vendor/illuminate/container/Util.php(41): Illuminate\\Container\\BoundMethod::Illuminate\\Container\\{closure}()
#15 /var/www/vendor/illuminate/container/BoundMethod.php(93): Illuminate\\Container\\Util::unwrapIfClosure(Object(Closure))
#16 /var/www/vendor/illuminate/container/BoundMethod.php(35): Illuminate\\Container\\BoundMethod::callBoundMethod(Object(Laravel\\Lumen\\Application), Array, Object(Closure))
#17 /var/www/vendor/illuminate/container/Container.php(662): Illuminate\\Container\\BoundMethod::call(Object(Laravel\\Lumen\\Application), Array, Array, NULL)
#18 /var/www/vendor/laravel/lumen-framework/src/Concerns/RoutesRequests.php(391): Illuminate\\Container\\Container->call(Array, Array)
#19 /var/www/vendor/laravel/lumen-framework/src/Concerns/RoutesRequests.php(356): Laravel\\Lumen\\Application->callControllerCallable(Array, Array)
#20 /var/www/vendor/laravel/lumen-framework/src/Concerns/RoutesRequests.php(331): Laravel\\Lumen\\Application->callLumenController(Object(App\\Http\\Controllers\\ForecastController), 'getLiveForecast', Array)
#21 /var/www/vendor/laravel/lumen-framework/src/Concerns/RoutesRequests.php(284): Laravel\\Lumen\\Application->callControllerAction(Array)
#22 /var/www/vendor/laravel/lumen-framework/src/Concerns/RoutesRequests.php(269): Laravel\\Lumen\\Application->callActionOnArrayBasedRoute(Array)
#23 /var/www/vendor/laravel/lumen-framework/src/Concerns/RoutesRequests.php(171): Laravel\\Lumen\\Application->handleFoundRoute(Array)
#24 /var/www/vendor/laravel/lumen-framework/src/Routing/Pipeline.php(48): Laravel\\Lumen\\Application->Laravel\\Lumen\\Concerns\\{closure}(Object(Laravel\\Lumen\\Http\\Request))
#25 /var/www/app/Http/Middleware/CorsMiddleware.php(23): Laravel\\Lumen\\Routing\\Pipeline->Laravel\\Lumen\\Routing\\{closure}(Object(Laravel\\Lumen\\Http\\Request))
#26 /var/www/vendor/illuminate/pipeline/Pipeline.php(183): App\\Http\\Middleware\\CorsMiddleware->handle(Object(Laravel\\Lumen\\Http\\Request), Object(Closure))
#27 /var/www/vendor/laravel/lumen-framework/src/Routing/Pipeline.php(30): Illuminate\\Pipeline\\Pipeline->Illuminate\\Pipeline\\{closure}(Object(Laravel\\Lumen\\Http\\Request))
#28 /var/www/vendor/illuminate/pipeline/Pipeline.php(119): Laravel\\Lumen\\Routing\\Pipeline->Laravel\\Lumen\\Routing\\{closure}(Object(Laravel\\Lumen\\Http\\Request))
#29 /var/www/vendor/laravel/lumen-framework/src/Concerns/RoutesRequests.php(428): Illuminate\\Pipeline\\Pipeline->then(Object(Closure))
#30 /var/www/vendor/laravel/lumen-framework/src/Concerns/RoutesRequests.php(167): Laravel\\Lumen\\Application->sendThroughPipeline(Array, Object(Closure))
#31 /var/www/vendor/laravel/lumen-framework/src/Concerns/RoutesRequests.php(112): Laravel\\Lumen\\Application->dispatch(NULL)
#32 /var/www/public/index.php(28): Laravel\\Lumen\\Application->run()
#33 {main}
"} 
