[2025-02-11 00:52:11] local.ERROR: Undefined property: Laravel\Lumen\Routing\Closure::$response {"exception":"[object] (ErrorException(code: 0): Undefined property: Laravel\\Lumen\\Routing\\Closure::$response at /var/www/routes/web.php:23)
[stacktrace]
#0 /var/www/vendor/laravel/lumen-framework/src/Concerns/RegistersExceptionHandlers.php(47): Laravel\\Lumen\\Application->handleError(2, 'Undefined prope...', '/var/www/routes...', 23)
#1 /var/www/routes/web.php(23): Laravel\\Lumen\\Application->Laravel\\Lumen\\Concerns\\{closure}(2, 'Undefined prope...', '/var/www/routes...', 23)
#2 /var/www/vendor/illuminate/container/BoundMethod.php(36): Closure->{closure}()
#3 /var/www/vendor/illuminate/container/Util.php(41): Illuminate\\Container\\BoundMethod::Illuminate\\Container\\{closure}()
#4 /var/www/vendor/illuminate/container/BoundMethod.php(81): Illuminate\\Container\\Util::unwrapIfClosure(Object(Closure))
#5 /var/www/vendor/illuminate/container/BoundMethod.php(35): Illuminate\\Container\\BoundMethod::callBoundMethod(Object(Laravel\\Lumen\\Application), Object(Closure), Object(Closure))
#6 /var/www/vendor/illuminate/container/Container.php(662): Illuminate\\Container\\BoundMethod::call(Object(Laravel\\Lumen\\Application), Object(Closure), Array, NULL)
#7 /var/www/vendor/laravel/lumen-framework/src/Concerns/RoutesRequests.php(304): Illuminate\\Container\\Container->call(Object(Closure), Array)
#8 /var/www/vendor/laravel/lumen-framework/src/Concerns/RoutesRequests.php(269): Laravel\\Lumen\\Application->callActionOnArrayBasedRoute(Array)
#9 /var/www/vendor/laravel/lumen-framework/src/Concerns/RoutesRequests.php(171): Laravel\\Lumen\\Application->handleFoundRoute(Array)
#10 /var/www/vendor/laravel/lumen-framework/src/Concerns/RoutesRequests.php(431): Laravel\\Lumen\\Application->Laravel\\Lumen\\Concerns\\{closure}(Object(Laravel\\Lumen\\Http\\Request))
#11 /var/www/vendor/laravel/lumen-framework/src/Concerns/RoutesRequests.php(167): Laravel\\Lumen\\Application->sendThroughPipeline(Array, Object(Closure))
#12 /var/www/vendor/laravel/lumen-framework/src/Concerns/RoutesRequests.php(112): Laravel\\Lumen\\Application->dispatch(NULL)
#13 /var/www/public/index.php(28): Laravel\\Lumen\\Application->run()
#14 {main}
"} 
[2025-02-11 00:52:13] local.ERROR: Undefined property: Laravel\Lumen\Routing\Closure::$response {"exception":"[object] (ErrorException(code: 0): Undefined property: Laravel\\Lumen\\Routing\\Closure::$response at /var/www/routes/web.php:23)
[stacktrace]
#0 /var/www/vendor/laravel/lumen-framework/src/Concerns/RegistersExceptionHandlers.php(47): Laravel\\Lumen\\Application->handleError(2, 'Undefined prope...', '/var/www/routes...', 23)
#1 /var/www/routes/web.php(23): Laravel\\Lumen\\Application->Laravel\\Lumen\\Concerns\\{closure}(2, 'Undefined prope...', '/var/www/routes...', 23)
#2 /var/www/vendor/illuminate/container/BoundMethod.php(36): Closure->{closure}()
#3 /var/www/vendor/illuminate/container/Util.php(41): Illuminate\\Container\\BoundMethod::Illuminate\\Container\\{closure}()
#4 /var/www/vendor/illuminate/container/BoundMethod.php(81): Illuminate\\Container\\Util::unwrapIfClosure(Object(Closure))
#5 /var/www/vendor/illuminate/container/BoundMethod.php(35): Illuminate\\Container\\BoundMethod::callBoundMethod(Object(Laravel\\Lumen\\Application), Object(Closure), Object(Closure))
#6 /var/www/vendor/illuminate/container/Container.php(662): Illuminate\\Container\\BoundMethod::call(Object(Laravel\\Lumen\\Application), Object(Closure), Array, NULL)
#7 /var/www/vendor/laravel/lumen-framework/src/Concerns/RoutesRequests.php(304): Illuminate\\Container\\Container->call(Object(Closure), Array)
#8 /var/www/vendor/laravel/lumen-framework/src/Concerns/RoutesRequests.php(269): Laravel\\Lumen\\Application->callActionOnArrayBasedRoute(Array)
#9 /var/www/vendor/laravel/lumen-framework/src/Concerns/RoutesRequests.php(171): Laravel\\Lumen\\Application->handleFoundRoute(Array)
#10 /var/www/vendor/laravel/lumen-framework/src/Concerns/RoutesRequests.php(431): Laravel\\Lumen\\Application->Laravel\\Lumen\\Concerns\\{closure}(Object(Laravel\\Lumen\\Http\\Request))
#11 /var/www/vendor/laravel/lumen-framework/src/Concerns/RoutesRequests.php(167): Laravel\\Lumen\\Application->sendThroughPipeline(Array, Object(Closure))
#12 /var/www/vendor/laravel/lumen-framework/src/Concerns/RoutesRequests.php(112): Laravel\\Lumen\\Application->dispatch(NULL)
#13 /var/www/public/index.php(28): Laravel\\Lumen\\Application->run()
#14 {main}
"} 
[2025-02-11 00:52:34] local.ERROR: Undefined property: Laravel\Lumen\Routing\Closure::$response {"exception":"[object] (ErrorException(code: 0): Undefined property: Laravel\\Lumen\\Routing\\Closure::$response at /var/www/routes/web.php:23)
[stacktrace]
#0 /var/www/vendor/laravel/lumen-framework/src/Concerns/RegistersExceptionHandlers.php(47): Laravel\\Lumen\\Application->handleError(2, 'Undefined prope...', '/var/www/routes...', 23)
#1 /var/www/routes/web.php(23): Laravel\\Lumen\\Application->Laravel\\Lumen\\Concerns\\{closure}(2, 'Undefined prope...', '/var/www/routes...', 23)
#2 /var/www/vendor/illuminate/container/BoundMethod.php(36): Closure->{closure}()
#3 /var/www/vendor/illuminate/container/Util.php(41): Illuminate\\Container\\BoundMethod::Illuminate\\Container\\{closure}()
#4 /var/www/vendor/illuminate/container/BoundMethod.php(81): Illuminate\\Container\\Util::unwrapIfClosure(Object(Closure))
#5 /var/www/vendor/illuminate/container/BoundMethod.php(35): Illuminate\\Container\\BoundMethod::callBoundMethod(Object(Laravel\\Lumen\\Application), Object(Closure), Object(Closure))
#6 /var/www/vendor/illuminate/container/Container.php(662): Illuminate\\Container\\BoundMethod::call(Object(Laravel\\Lumen\\Application), Object(Closure), Array, NULL)
#7 /var/www/vendor/laravel/lumen-framework/src/Concerns/RoutesRequests.php(304): Illuminate\\Container\\Container->call(Object(Closure), Array)
#8 /var/www/vendor/laravel/lumen-framework/src/Concerns/RoutesRequests.php(269): Laravel\\Lumen\\Application->callActionOnArrayBasedRoute(Array)
#9 /var/www/vendor/laravel/lumen-framework/src/Concerns/RoutesRequests.php(171): Laravel\\Lumen\\Application->handleFoundRoute(Array)
#10 /var/www/vendor/laravel/lumen-framework/src/Concerns/RoutesRequests.php(431): Laravel\\Lumen\\Application->Laravel\\Lumen\\Concerns\\{closure}(Object(Laravel\\Lumen\\Http\\Request))
#11 /var/www/vendor/laravel/lumen-framework/src/Concerns/RoutesRequests.php(167): Laravel\\Lumen\\Application->sendThroughPipeline(Array, Object(Closure))
#12 /var/www/vendor/laravel/lumen-framework/src/Concerns/RoutesRequests.php(112): Laravel\\Lumen\\Application->dispatch(NULL)
#13 /var/www/public/index.php(28): Laravel\\Lumen\\Application->run()
#14 {main}
"} 
[2025-02-11 00:52:57] local.ERROR: Undefined property: Laravel\Lumen\Routing\Closure::$response {"exception":"[object] (ErrorException(code: 0): Undefined property: Laravel\\Lumen\\Routing\\Closure::$response at /var/www/routes/web.php:23)
[stacktrace]
#0 /var/www/vendor/laravel/lumen-framework/src/Concerns/RegistersExceptionHandlers.php(47): Laravel\\Lumen\\Application->handleError(2, 'Undefined prope...', '/var/www/routes...', 23)
#1 /var/www/routes/web.php(23): Laravel\\Lumen\\Application->Laravel\\Lumen\\Concerns\\{closure}(2, 'Undefined prope...', '/var/www/routes...', 23)
#2 /var/www/vendor/illuminate/container/BoundMethod.php(36): Closure->{closure}()
#3 /var/www/vendor/illuminate/container/Util.php(41): Illuminate\\Container\\BoundMethod::Illuminate\\Container\\{closure}()
#4 /var/www/vendor/illuminate/container/BoundMethod.php(81): Illuminate\\Container\\Util::unwrapIfClosure(Object(Closure))
#5 /var/www/vendor/illuminate/container/BoundMethod.php(35): Illuminate\\Container\\BoundMethod::callBoundMethod(Object(Laravel\\Lumen\\Application), Object(Closure), Object(Closure))
#6 /var/www/vendor/illuminate/container/Container.php(662): Illuminate\\Container\\BoundMethod::call(Object(Laravel\\Lumen\\Application), Object(Closure), Array, NULL)
#7 /var/www/vendor/laravel/lumen-framework/src/Concerns/RoutesRequests.php(304): Illuminate\\Container\\Container->call(Object(Closure), Array)
#8 /var/www/vendor/laravel/lumen-framework/src/Concerns/RoutesRequests.php(269): Laravel\\Lumen\\Application->callActionOnArrayBasedRoute(Array)
#9 /var/www/vendor/laravel/lumen-framework/src/Concerns/RoutesRequests.php(171): Laravel\\Lumen\\Application->handleFoundRoute(Array)
#10 /var/www/vendor/laravel/lumen-framework/src/Concerns/RoutesRequests.php(431): Laravel\\Lumen\\Application->Laravel\\Lumen\\Concerns\\{closure}(Object(Laravel\\Lumen\\Http\\Request))
#11 /var/www/vendor/laravel/lumen-framework/src/Concerns/RoutesRequests.php(167): Laravel\\Lumen\\Application->sendThroughPipeline(Array, Object(Closure))
#12 /var/www/vendor/laravel/lumen-framework/src/Concerns/RoutesRequests.php(112): Laravel\\Lumen\\Application->dispatch(NULL)
#13 /var/www/public/index.php(28): Laravel\\Lumen\\Application->run()
#14 {main}
"} 
[2025-02-11 00:53:04] local.ERROR: Undefined property: Laravel\Lumen\Routing\Closure::$response {"exception":"[object] (ErrorException(code: 0): Undefined property: Laravel\\Lumen\\Routing\\Closure::$response at /var/www/routes/web.php:23)
[stacktrace]
#0 /var/www/vendor/laravel/lumen-framework/src/Concerns/RegistersExceptionHandlers.php(47): Laravel\\Lumen\\Application->handleError(2, 'Undefined prope...', '/var/www/routes...', 23)
#1 /var/www/routes/web.php(23): Laravel\\Lumen\\Application->Laravel\\Lumen\\Concerns\\{closure}(2, 'Undefined prope...', '/var/www/routes...', 23)
#2 /var/www/vendor/illuminate/container/BoundMethod.php(36): Closure->{closure}()
#3 /var/www/vendor/illuminate/container/Util.php(41): Illuminate\\Container\\BoundMethod::Illuminate\\Container\\{closure}()
#4 /var/www/vendor/illuminate/container/BoundMethod.php(81): Illuminate\\Container\\Util::unwrapIfClosure(Object(Closure))
#5 /var/www/vendor/illuminate/container/BoundMethod.php(35): Illuminate\\Container\\BoundMethod::callBoundMethod(Object(Laravel\\Lumen\\Application), Object(Closure), Object(Closure))
#6 /var/www/vendor/illuminate/container/Container.php(662): Illuminate\\Container\\BoundMethod::call(Object(Laravel\\Lumen\\Application), Object(Closure), Array, NULL)
#7 /var/www/vendor/laravel/lumen-framework/src/Concerns/RoutesRequests.php(304): Illuminate\\Container\\Container->call(Object(Closure), Array)
#8 /var/www/vendor/laravel/lumen-framework/src/Concerns/RoutesRequests.php(269): Laravel\\Lumen\\Application->callActionOnArrayBasedRoute(Array)
#9 /var/www/vendor/laravel/lumen-framework/src/Concerns/RoutesRequests.php(171): Laravel\\Lumen\\Application->handleFoundRoute(Array)
#10 /var/www/vendor/laravel/lumen-framework/src/Concerns/RoutesRequests.php(431): Laravel\\Lumen\\Application->Laravel\\Lumen\\Concerns\\{closure}(Object(Laravel\\Lumen\\Http\\Request))
#11 /var/www/vendor/laravel/lumen-framework/src/Concerns/RoutesRequests.php(167): Laravel\\Lumen\\Application->sendThroughPipeline(Array, Object(Closure))
#12 /var/www/vendor/laravel/lumen-framework/src/Concerns/RoutesRequests.php(112): Laravel\\Lumen\\Application->dispatch(NULL)
#13 /var/www/public/index.php(28): Laravel\\Lumen\\Application->run()
#14 {main}
"} 
[2025-02-11 00:53:05] local.ERROR: Undefined property: Laravel\Lumen\Routing\Closure::$response {"exception":"[object] (ErrorException(code: 0): Undefined property: Laravel\\Lumen\\Routing\\Closure::$response at /var/www/routes/web.php:23)
[stacktrace]
#0 /var/www/vendor/laravel/lumen-framework/src/Concerns/RegistersExceptionHandlers.php(47): Laravel\\Lumen\\Application->handleError(2, 'Undefined prope...', '/var/www/routes...', 23)
#1 /var/www/routes/web.php(23): Laravel\\Lumen\\Application->Laravel\\Lumen\\Concerns\\{closure}(2, 'Undefined prope...', '/var/www/routes...', 23)
#2 /var/www/vendor/illuminate/container/BoundMethod.php(36): Closure->{closure}()
#3 /var/www/vendor/illuminate/container/Util.php(41): Illuminate\\Container\\BoundMethod::Illuminate\\Container\\{closure}()
#4 /var/www/vendor/illuminate/container/BoundMethod.php(81): Illuminate\\Container\\Util::unwrapIfClosure(Object(Closure))
#5 /var/www/vendor/illuminate/container/BoundMethod.php(35): Illuminate\\Container\\BoundMethod::callBoundMethod(Object(Laravel\\Lumen\\Application), Object(Closure), Object(Closure))
#6 /var/www/vendor/illuminate/container/Container.php(662): Illuminate\\Container\\BoundMethod::call(Object(Laravel\\Lumen\\Application), Object(Closure), Array, NULL)
#7 /var/www/vendor/laravel/lumen-framework/src/Concerns/RoutesRequests.php(304): Illuminate\\Container\\Container->call(Object(Closure), Array)
#8 /var/www/vendor/laravel/lumen-framework/src/Concerns/RoutesRequests.php(269): Laravel\\Lumen\\Application->callActionOnArrayBasedRoute(Array)
#9 /var/www/vendor/laravel/lumen-framework/src/Concerns/RoutesRequests.php(171): Laravel\\Lumen\\Application->handleFoundRoute(Array)
#10 /var/www/vendor/laravel/lumen-framework/src/Concerns/RoutesRequests.php(431): Laravel\\Lumen\\Application->Laravel\\Lumen\\Concerns\\{closure}(Object(Laravel\\Lumen\\Http\\Request))
#11 /var/www/vendor/laravel/lumen-framework/src/Concerns/RoutesRequests.php(167): Laravel\\Lumen\\Application->sendThroughPipeline(Array, Object(Closure))
#12 /var/www/vendor/laravel/lumen-framework/src/Concerns/RoutesRequests.php(112): Laravel\\Lumen\\Application->dispatch(NULL)
#13 /var/www/public/index.php(28): Laravel\\Lumen\\Application->run()
#14 {main}
"} 
[2025-02-11 00:54:41] local.ERROR: Target [Illuminate\Contracts\Routing\ResponseFactory] is not instantiable. {"exception":"[object] (Illuminate\\Contracts\\Container\\BindingResolutionException(code: 0): Target [Illuminate\\Contracts\\Routing\\ResponseFactory] is not instantiable. at /var/www/vendor/illuminate/container/Container.php:1126)
[stacktrace]
#0 /var/www/vendor/illuminate/container/Container.php(921): Illuminate\\Container\\Container->notInstantiable('Illuminate\\\\Cont...')
#1 /var/www/vendor/illuminate/container/Container.php(795): Illuminate\\Container\\Container->build('Illuminate\\\\Cont...')
#2 /var/www/vendor/illuminate/container/Container.php(731): Illuminate\\Container\\Container->resolve('Illuminate\\\\Cont...', Array)
#3 /var/www/vendor/laravel/lumen-framework/src/Application.php(327): Illuminate\\Container\\Container->make('Illuminate\\\\Cont...', Array)
#4 /var/www/vendor/illuminate/container/Container.php(1454): Laravel\\Lumen\\Application->make('Illuminate\\\\Cont...')
#5 /var/www/vendor/illuminate/support/Facades/Facade.php(237): Illuminate\\Container\\Container->offsetGet('Illuminate\\\\Cont...')
#6 /var/www/vendor/illuminate/support/Facades/Facade.php(208): Illuminate\\Support\\Facades\\Facade::resolveFacadeInstance('Illuminate\\\\Cont...')
#7 /var/www/vendor/illuminate/support/Facades/Facade.php(349): Illuminate\\Support\\Facades\\Facade::getFacadeRoot()
#8 /var/www/routes/web.php(23): Illuminate\\Support\\Facades\\Facade::__callStatic('json', Array)
#9 /var/www/vendor/illuminate/container/BoundMethod.php(36): Closure->{closure}()
#10 /var/www/vendor/illuminate/container/Util.php(41): Illuminate\\Container\\BoundMethod::Illuminate\\Container\\{closure}()
#11 /var/www/vendor/illuminate/container/BoundMethod.php(81): Illuminate\\Container\\Util::unwrapIfClosure(Object(Closure))
#12 /var/www/vendor/illuminate/container/BoundMethod.php(35): Illuminate\\Container\\BoundMethod::callBoundMethod(Object(Laravel\\Lumen\\Application), Object(Closure), Object(Closure))
#13 /var/www/vendor/illuminate/container/Container.php(662): Illuminate\\Container\\BoundMethod::call(Object(Laravel\\Lumen\\Application), Object(Closure), Array, NULL)
#14 /var/www/vendor/laravel/lumen-framework/src/Concerns/RoutesRequests.php(304): Illuminate\\Container\\Container->call(Object(Closure), Array)
#15 /var/www/vendor/laravel/lumen-framework/src/Concerns/RoutesRequests.php(269): Laravel\\Lumen\\Application->callActionOnArrayBasedRoute(Array)
#16 /var/www/vendor/laravel/lumen-framework/src/Concerns/RoutesRequests.php(171): Laravel\\Lumen\\Application->handleFoundRoute(Array)
#17 /var/www/vendor/laravel/lumen-framework/src/Concerns/RoutesRequests.php(431): Laravel\\Lumen\\Application->Laravel\\Lumen\\Concerns\\{closure}(Object(Laravel\\Lumen\\Http\\Request))
#18 /var/www/vendor/laravel/lumen-framework/src/Concerns/RoutesRequests.php(167): Laravel\\Lumen\\Application->sendThroughPipeline(Array, Object(Closure))
#19 /var/www/vendor/laravel/lumen-framework/src/Concerns/RoutesRequests.php(112): Laravel\\Lumen\\Application->dispatch(NULL)
#20 /var/www/public/index.php(28): Laravel\\Lumen\\Application->run()
#21 {main}
"} 
[2025-02-11 00:54:42] local.ERROR: Target [Illuminate\Contracts\Routing\ResponseFactory] is not instantiable. {"exception":"[object] (Illuminate\\Contracts\\Container\\BindingResolutionException(code: 0): Target [Illuminate\\Contracts\\Routing\\ResponseFactory] is not instantiable. at /var/www/vendor/illuminate/container/Container.php:1126)
[stacktrace]
#0 /var/www/vendor/illuminate/container/Container.php(921): Illuminate\\Container\\Container->notInstantiable('Illuminate\\\\Cont...')
#1 /var/www/vendor/illuminate/container/Container.php(795): Illuminate\\Container\\Container->build('Illuminate\\\\Cont...')
#2 /var/www/vendor/illuminate/container/Container.php(731): Illuminate\\Container\\Container->resolve('Illuminate\\\\Cont...', Array)
#3 /var/www/vendor/laravel/lumen-framework/src/Application.php(327): Illuminate\\Container\\Container->make('Illuminate\\\\Cont...', Array)
#4 /var/www/vendor/illuminate/container/Container.php(1454): Laravel\\Lumen\\Application->make('Illuminate\\\\Cont...')
#5 /var/www/vendor/illuminate/support/Facades/Facade.php(237): Illuminate\\Container\\Container->offsetGet('Illuminate\\\\Cont...')
#6 /var/www/vendor/illuminate/support/Facades/Facade.php(208): Illuminate\\Support\\Facades\\Facade::resolveFacadeInstance('Illuminate\\\\Cont...')
#7 /var/www/vendor/illuminate/support/Facades/Facade.php(349): Illuminate\\Support\\Facades\\Facade::getFacadeRoot()
#8 /var/www/routes/web.php(23): Illuminate\\Support\\Facades\\Facade::__callStatic('json', Array)
#9 /var/www/vendor/illuminate/container/BoundMethod.php(36): Closure->{closure}()
#10 /var/www/vendor/illuminate/container/Util.php(41): Illuminate\\Container\\BoundMethod::Illuminate\\Container\\{closure}()
#11 /var/www/vendor/illuminate/container/BoundMethod.php(81): Illuminate\\Container\\Util::unwrapIfClosure(Object(Closure))
#12 /var/www/vendor/illuminate/container/BoundMethod.php(35): Illuminate\\Container\\BoundMethod::callBoundMethod(Object(Laravel\\Lumen\\Application), Object(Closure), Object(Closure))
#13 /var/www/vendor/illuminate/container/Container.php(662): Illuminate\\Container\\BoundMethod::call(Object(Laravel\\Lumen\\Application), Object(Closure), Array, NULL)
#14 /var/www/vendor/laravel/lumen-framework/src/Concerns/RoutesRequests.php(304): Illuminate\\Container\\Container->call(Object(Closure), Array)
#15 /var/www/vendor/laravel/lumen-framework/src/Concerns/RoutesRequests.php(269): Laravel\\Lumen\\Application->callActionOnArrayBasedRoute(Array)
#16 /var/www/vendor/laravel/lumen-framework/src/Concerns/RoutesRequests.php(171): Laravel\\Lumen\\Application->handleFoundRoute(Array)
#17 /var/www/vendor/laravel/lumen-framework/src/Concerns/RoutesRequests.php(431): Laravel\\Lumen\\Application->Laravel\\Lumen\\Concerns\\{closure}(Object(Laravel\\Lumen\\Http\\Request))
#18 /var/www/vendor/laravel/lumen-framework/src/Concerns/RoutesRequests.php(167): Laravel\\Lumen\\Application->sendThroughPipeline(Array, Object(Closure))
#19 /var/www/vendor/laravel/lumen-framework/src/Concerns/RoutesRequests.php(112): Laravel\\Lumen\\Application->dispatch(NULL)
#20 /var/www/public/index.php(28): Laravel\\Lumen\\Application->run()
#21 {main}
"} 
[2025-02-11 01:00:31] local.ERROR: Command "make:middleware" is not defined.

Did you mean one of these?
    make:migration
    make:seeder {"exception":"[object] (Symfony\\Component\\Console\\Exception\\CommandNotFoundException(code: 0): Command \"make:middleware\" is not defined.

Did you mean one of these?
    make:migration
    make:seeder at /var/www/vendor/symfony/console/Application.php:737)
[stacktrace]
#0 /var/www/vendor/symfony/console/Application.php(266): Symfony\\Component\\Console\\Application->find('make:middleware')
#1 /var/www/vendor/symfony/console/Application.php(175): Symfony\\Component\\Console\\Application->doRun(Object(Symfony\\Component\\Console\\Input\\ArgvInput), Object(Symfony\\Component\\Console\\Output\\ConsoleOutput))
#2 /var/www/vendor/laravel/lumen-framework/src/Console/Kernel.php(160): Symfony\\Component\\Console\\Application->run(Object(Symfony\\Component\\Console\\Input\\ArgvInput), Object(Symfony\\Component\\Console\\Output\\ConsoleOutput))
#3 /var/www/artisan(35): Laravel\\Lumen\\Console\\Kernel->handle(Object(Symfony\\Component\\Console\\Input\\ArgvInput), Object(Symfony\\Component\\Console\\Output\\ConsoleOutput))
#4 {main}
"} 
[2025-02-11 01:04:04] local.ERROR: trim(): Argument #1 ($string) must be of type string, array given {"exception":"[object] (TypeError(code: 0): trim(): Argument #1 ($string) must be of type string, array given at /var/www/vendor/laravel/lumen-framework/src/Routing/Router.php:187)
[stacktrace]
#0 /var/www/vendor/laravel/lumen-framework/src/Routing/Router.php(187): trim(Array, '/')
#1 /var/www/vendor/laravel/lumen-framework/src/Routing/Router.php(346): Laravel\\Lumen\\Routing\\Router->addRoute('GET', Array, Array)
#2 /var/www/routes/web.php(21): Laravel\\Lumen\\Routing\\Router->get(Array, '/api', Object(Closure))
#3 /var/www/bootstrap/app.php(119): require('/var/www/routes...')
#4 /var/www/vendor/laravel/lumen-framework/src/Routing/Router.php(62): {closure}(Object(Laravel\\Lumen\\Routing\\Router))
#5 /var/www/bootstrap/app.php(116): Laravel\\Lumen\\Routing\\Router->group(Array, Object(Closure))
#6 /var/www/public/index.php(14): require('/var/www/bootst...')
#7 {main}
"} 
[2025-02-11 01:04:07] local.ERROR: trim(): Argument #1 ($string) must be of type string, array given {"exception":"[object] (TypeError(code: 0): trim(): Argument #1 ($string) must be of type string, array given at /var/www/vendor/laravel/lumen-framework/src/Routing/Router.php:187)
[stacktrace]
#0 /var/www/vendor/laravel/lumen-framework/src/Routing/Router.php(187): trim(Array, '/')
#1 /var/www/vendor/laravel/lumen-framework/src/Routing/Router.php(346): Laravel\\Lumen\\Routing\\Router->addRoute('GET', Array, Array)
#2 /var/www/routes/web.php(21): Laravel\\Lumen\\Routing\\Router->get(Array, '/api', Object(Closure))
#3 /var/www/bootstrap/app.php(119): require('/var/www/routes...')
#4 /var/www/vendor/laravel/lumen-framework/src/Routing/Router.php(62): {closure}(Object(Laravel\\Lumen\\Routing\\Router))
#5 /var/www/bootstrap/app.php(116): Laravel\\Lumen\\Routing\\Router->group(Array, Object(Closure))
#6 /var/www/public/index.php(14): require('/var/www/bootst...')
#7 {main}
"} 
