[2025-02-07 16:08:43] local.ERROR: Undefined property: Laravel\Lumen\Routing\Closure::$response {"exception":"[object] (ErrorException(code: 0): Undefined property: Laravel\\Lumen\\Routing\\Closure::$response at /var/www/routes/web.php:23)
[stacktrace]
#0 /var/www/vendor/laravel/lumen-framework/src/Concerns/RegistersExceptionHandlers.php(47): Laravel\\Lumen\\Application->handleError(2, 'Undefined prope...', '/var/www/routes...', 23)
#1 /var/www/routes/web.php(23): Laravel\\Lumen\\Application->Laravel\\Lumen\\Concerns\\{closure}(2, 'Undefined prope...', '/var/www/routes...', 23)
#2 /var/www/vendor/illuminate/container/BoundMethod.php(36): Closure->{closure}()
#3 /var/www/vendor/illuminate/container/Util.php(41): Illuminate\\Container\\BoundMethod::Illuminate\\Container\\{closure}()
#4 /var/www/vendor/illuminate/container/BoundMethod.php(81): Illuminate\\Container\\Util::unwrapIfClosure(Object(Closure))
#5 /var/www/vendor/illuminate/container/BoundMethod.php(35): Illuminate\\Container\\BoundMethod::callBoundMethod(Object(Laravel\\Lumen\\Application), Object(Closure), Object(Closure))
#6 /var/www/vendor/illuminate/container/Container.php(662): Illuminate\\Container\\BoundMethod::call(Object(Laravel\\Lumen\\Application), Object(Closure), Array, NULL)
#7 /var/www/vendor/laravel/lumen-framework/src/Concerns/RoutesRequests.php(304): Illuminate\\Container\\Container->call(Object(Closure), Array)
#8 /var/www/vendor/laravel/lumen-framework/src/Concerns/RoutesRequests.php(269): Laravel\\Lumen\\Application->callActionOnArrayBasedRoute(Array)
#9 /var/www/vendor/laravel/lumen-framework/src/Concerns/RoutesRequests.php(171): Laravel\\Lumen\\Application->handleFoundRoute(Array)
#10 /var/www/vendor/laravel/lumen-framework/src/Concerns/RoutesRequests.php(431): Laravel\\Lumen\\Application->Laravel\\Lumen\\Concerns\\{closure}(Object(Laravel\\Lumen\\Http\\Request))
#11 /var/www/vendor/laravel/lumen-framework/src/Concerns/RoutesRequests.php(167): Laravel\\Lumen\\Application->sendThroughPipeline(Array, Object(Closure))
#12 /var/www/vendor/laravel/lumen-framework/src/Concerns/RoutesRequests.php(112): Laravel\\Lumen\\Application->dispatch(NULL)
#13 /var/www/public/index.php(28): Laravel\\Lumen\\Application->run()
#14 {main}
"} 
[2025-02-07 16:12:21] local.ERROR: Symfony\Component\HttpFoundation\Response::setContent(): Argument #1 ($content) must be of type ?string, Illuminate\Support\Facades\Response given, called in /var/www/vendor/illuminate/http/Response.php on line 72 {"exception":"[object] (TypeError(code: 0): Symfony\\Component\\HttpFoundation\\Response::setContent(): Argument #1 ($content) must be of type ?string, Illuminate\\Support\\Facades\\Response given, called in /var/www/vendor/illuminate/http/Response.php on line 72 at /var/www/vendor/symfony/http-foundation/Response.php:447)
[stacktrace]
#0 /var/www/vendor/illuminate/http/Response.php(72): Symfony\\Component\\HttpFoundation\\Response->setContent(Object(Illuminate\\Support\\Facades\\Response))
#1 /var/www/vendor/illuminate/http/Response.php(35): Illuminate\\Http\\Response->setContent(Object(Illuminate\\Support\\Facades\\Response))
#2 /var/www/vendor/laravel/lumen-framework/src/Concerns/RoutesRequests.php(451): Illuminate\\Http\\Response->__construct(Object(Illuminate\\Support\\Facades\\Response))
#3 /var/www/vendor/laravel/lumen-framework/src/Concerns/RoutesRequests.php(304): Laravel\\Lumen\\Application->prepareResponse(Object(Illuminate\\Support\\Facades\\Response))
#4 /var/www/vendor/laravel/lumen-framework/src/Concerns/RoutesRequests.php(269): Laravel\\Lumen\\Application->callActionOnArrayBasedRoute(Array)
#5 /var/www/vendor/laravel/lumen-framework/src/Concerns/RoutesRequests.php(171): Laravel\\Lumen\\Application->handleFoundRoute(Array)
#6 /var/www/vendor/laravel/lumen-framework/src/Concerns/RoutesRequests.php(431): Laravel\\Lumen\\Application->Laravel\\Lumen\\Concerns\\{closure}(Object(Laravel\\Lumen\\Http\\Request))
#7 /var/www/vendor/laravel/lumen-framework/src/Concerns/RoutesRequests.php(167): Laravel\\Lumen\\Application->sendThroughPipeline(Array, Object(Closure))
#8 /var/www/vendor/laravel/lumen-framework/src/Concerns/RoutesRequests.php(112): Laravel\\Lumen\\Application->dispatch(NULL)
#9 /var/www/public/index.php(28): Laravel\\Lumen\\Application->run()
#10 {main}
"} 
[2025-02-07 16:12:44] local.ERROR: Symfony\Component\HttpFoundation\Response::setContent(): Argument #1 ($content) must be of type ?string, Illuminate\Support\Facades\Response given, called in /var/www/vendor/illuminate/http/Response.php on line 72 {"exception":"[object] (TypeError(code: 0): Symfony\\Component\\HttpFoundation\\Response::setContent(): Argument #1 ($content) must be of type ?string, Illuminate\\Support\\Facades\\Response given, called in /var/www/vendor/illuminate/http/Response.php on line 72 at /var/www/vendor/symfony/http-foundation/Response.php:447)
[stacktrace]
#0 /var/www/vendor/illuminate/http/Response.php(72): Symfony\\Component\\HttpFoundation\\Response->setContent(Object(Illuminate\\Support\\Facades\\Response))
#1 /var/www/vendor/illuminate/http/Response.php(35): Illuminate\\Http\\Response->setContent(Object(Illuminate\\Support\\Facades\\Response))
#2 /var/www/vendor/laravel/lumen-framework/src/Concerns/RoutesRequests.php(451): Illuminate\\Http\\Response->__construct(Object(Illuminate\\Support\\Facades\\Response))
#3 /var/www/vendor/laravel/lumen-framework/src/Concerns/RoutesRequests.php(304): Laravel\\Lumen\\Application->prepareResponse(Object(Illuminate\\Support\\Facades\\Response))
#4 /var/www/vendor/laravel/lumen-framework/src/Concerns/RoutesRequests.php(269): Laravel\\Lumen\\Application->callActionOnArrayBasedRoute(Array)
#5 /var/www/vendor/laravel/lumen-framework/src/Concerns/RoutesRequests.php(171): Laravel\\Lumen\\Application->handleFoundRoute(Array)
#6 /var/www/vendor/laravel/lumen-framework/src/Concerns/RoutesRequests.php(431): Laravel\\Lumen\\Application->Laravel\\Lumen\\Concerns\\{closure}(Object(Laravel\\Lumen\\Http\\Request))
#7 /var/www/vendor/laravel/lumen-framework/src/Concerns/RoutesRequests.php(167): Laravel\\Lumen\\Application->sendThroughPipeline(Array, Object(Closure))
#8 /var/www/vendor/laravel/lumen-framework/src/Concerns/RoutesRequests.php(112): Laravel\\Lumen\\Application->dispatch(NULL)
#9 /var/www/public/index.php(28): Laravel\\Lumen\\Application->run()
#10 {main}
"} 
[2025-02-07 16:13:04] local.ERROR: Symfony\Component\HttpFoundation\Response::setContent(): Argument #1 ($content) must be of type ?string, Illuminate\Support\Facades\Response given, called in /var/www/vendor/illuminate/http/Response.php on line 72 {"exception":"[object] (TypeError(code: 0): Symfony\\Component\\HttpFoundation\\Response::setContent(): Argument #1 ($content) must be of type ?string, Illuminate\\Support\\Facades\\Response given, called in /var/www/vendor/illuminate/http/Response.php on line 72 at /var/www/vendor/symfony/http-foundation/Response.php:447)
[stacktrace]
#0 /var/www/vendor/illuminate/http/Response.php(72): Symfony\\Component\\HttpFoundation\\Response->setContent(Object(Illuminate\\Support\\Facades\\Response))
#1 /var/www/vendor/illuminate/http/Response.php(35): Illuminate\\Http\\Response->setContent(Object(Illuminate\\Support\\Facades\\Response))
#2 /var/www/vendor/laravel/lumen-framework/src/Concerns/RoutesRequests.php(451): Illuminate\\Http\\Response->__construct(Object(Illuminate\\Support\\Facades\\Response))
#3 /var/www/vendor/laravel/lumen-framework/src/Concerns/RoutesRequests.php(304): Laravel\\Lumen\\Application->prepareResponse(Object(Illuminate\\Support\\Facades\\Response))
#4 /var/www/vendor/laravel/lumen-framework/src/Concerns/RoutesRequests.php(269): Laravel\\Lumen\\Application->callActionOnArrayBasedRoute(Array)
#5 /var/www/vendor/laravel/lumen-framework/src/Concerns/RoutesRequests.php(171): Laravel\\Lumen\\Application->handleFoundRoute(Array)
#6 /var/www/vendor/laravel/lumen-framework/src/Concerns/RoutesRequests.php(431): Laravel\\Lumen\\Application->Laravel\\Lumen\\Concerns\\{closure}(Object(Laravel\\Lumen\\Http\\Request))
#7 /var/www/vendor/laravel/lumen-framework/src/Concerns/RoutesRequests.php(167): Laravel\\Lumen\\Application->sendThroughPipeline(Array, Object(Closure))
#8 /var/www/vendor/laravel/lumen-framework/src/Concerns/RoutesRequests.php(112): Laravel\\Lumen\\Application->dispatch(NULL)
#9 /var/www/public/index.php(28): Laravel\\Lumen\\Application->run()
#10 {main}
"} 
