[2025-03-02 17:38:48] local.ERROR: Class "App\Console\Commands\ProgressBar" not found {"exception":"[object] (Error(code: 0): Class \"App\\Console\\Commands\\ProgressBar\" not found at /var/www/app/Console/Commands/ForecastRunner.php:57)
[stacktrace]
#0 /var/www/vendor/illuminate/container/BoundMethod.php(36): App\\Console\\Commands\\ForecastRunner->handle()
#1 /var/www/vendor/illuminate/container/Util.php(41): Illuminate\\Container\\BoundMethod::Illuminate\\Container\\{closure}()
#2 /var/www/vendor/illuminate/container/BoundMethod.php(93): Illuminate\\Container\\Util::unwrapIfClosure(Object(Closure))
#3 /var/www/vendor/illuminate/container/BoundMethod.php(35): Illuminate\\Container\\BoundMethod::callBoundMethod(Object(Laravel\\Lumen\\Application), Array, Object(Closure))
#4 /var/www/vendor/illuminate/container/Container.php(662): Illuminate\\Container\\BoundMethod::call(Object(Laravel\\Lumen\\Application), Array, Array, NULL)
#5 /var/www/vendor/illuminate/console/Command.php(211): Illuminate\\Container\\Container->call(Array)
#6 /var/www/vendor/symfony/console/Command/Command.php(326): Illuminate\\Console\\Command->execute(Object(Symfony\\Component\\Console\\Input\\ArgvInput), Object(Illuminate\\Console\\OutputStyle))
#7 /var/www/vendor/illuminate/console/Command.php(180): Symfony\\Component\\Console\\Command\\Command->run(Object(Symfony\\Component\\Console\\Input\\ArgvInput), Object(Illuminate\\Console\\OutputStyle))
#8 /var/www/vendor/symfony/console/Application.php(1078): Illuminate\\Console\\Command->run(Object(Symfony\\Component\\Console\\Input\\ArgvInput), Object(Symfony\\Component\\Console\\Output\\ConsoleOutput))
#9 /var/www/vendor/symfony/console/Application.php(324): Symfony\\Component\\Console\\Application->doRunCommand(Object(App\\Console\\Commands\\ForecastRunner), Object(Symfony\\Component\\Console\\Input\\ArgvInput), Object(Symfony\\Component\\Console\\Output\\ConsoleOutput))
#10 /var/www/vendor/symfony/console/Application.php(175): Symfony\\Component\\Console\\Application->doRun(Object(Symfony\\Component\\Console\\Input\\ArgvInput), Object(Symfony\\Component\\Console\\Output\\ConsoleOutput))
#11 /var/www/vendor/laravel/lumen-framework/src/Console/Kernel.php(160): Symfony\\Component\\Console\\Application->run(Object(Symfony\\Component\\Console\\Input\\ArgvInput), Object(Symfony\\Component\\Console\\Output\\ConsoleOutput))
#12 /var/www/artisan(35): Laravel\\Lumen\\Console\\Kernel->handle(Object(Symfony\\Component\\Console\\Input\\ArgvInput), Object(Symfony\\Component\\Console\\Output\\ConsoleOutput))
#13 {main}
"} 
[2025-03-02 17:43:17] local.ERROR: syntax error, unexpected token "," {"exception":"[object] (ParseError(code: 0): syntax error, unexpected token \",\" at /var/www/app/Console/Commands/ForecastRunner.php:57)
[stacktrace]
#0 /var/www/vendor/composer/ClassLoader.php(427): Composer\\Autoload\\{closure}('/var/www/vendor...')
#1 [internal function]: Composer\\Autoload\\ClassLoader->loadClass('App\\\\Console\\\\Com...')
#2 /var/www/vendor/illuminate/console/Application.php(239): is_subclass_of('App\\\\Console\\\\Com...', 'Symfony\\\\Compone...')
#3 /var/www/vendor/illuminate/console/Application.php(265): Illuminate\\Console\\Application->resolve('App\\\\Console\\\\Com...')
#4 /var/www/vendor/laravel/lumen-framework/src/Console/Kernel.php(260): Illuminate\\Console\\Application->resolveCommands(Array)
#5 /var/www/vendor/laravel/lumen-framework/src/Console/Kernel.php(160): Laravel\\Lumen\\Console\\Kernel->getArtisan()
#6 /var/www/artisan(35): Laravel\\Lumen\\Console\\Kernel->handle(Object(Symfony\\Component\\Console\\Input\\ArgvInput), Object(Symfony\\Component\\Console\\Output\\ConsoleOutput))
#7 {main}
"} 
[2025-03-02 17:59:43] local.ERROR: Unclosed '{' on line 13 {"exception":"[object] (ParseError(code: 0): Unclosed '{' on line 13 at /var/www/app/Console/Commands/ForecastRunner.php:108)
[stacktrace]
#0 /var/www/vendor/composer/ClassLoader.php(427): Composer\\Autoload\\{closure}('/var/www/vendor...')
#1 [internal function]: Composer\\Autoload\\ClassLoader->loadClass('App\\\\Console\\\\Com...')
#2 /var/www/vendor/illuminate/console/Application.php(239): is_subclass_of('App\\\\Console\\\\Com...', 'Symfony\\\\Compone...')
#3 /var/www/vendor/illuminate/console/Application.php(265): Illuminate\\Console\\Application->resolve('App\\\\Console\\\\Com...')
#4 /var/www/vendor/laravel/lumen-framework/src/Console/Kernel.php(260): Illuminate\\Console\\Application->resolveCommands(Array)
#5 /var/www/vendor/laravel/lumen-framework/src/Console/Kernel.php(160): Laravel\\Lumen\\Console\\Kernel->getArtisan()
#6 /var/www/artisan(35): Laravel\\Lumen\\Console\\Kernel->handle(Object(Symfony\\Component\\Console\\Input\\ArgvInput), Object(Symfony\\Component\\Console\\Output\\ConsoleOutput))
#7 {main}
"} 
[2025-03-02 18:04:56] local.ERROR: App\Console\Commands\ForecastRunner::generateTable(): Return value must be of type string, none returned {"exception":"[object] (TypeError(code: 0): App\\Console\\Commands\\ForecastRunner::generateTable(): Return value must be of type string, none returned at /var/www/app/Console/Commands/ForecastRunner.php:116)
[stacktrace]
#0 /var/www/app/Console/Commands/ForecastRunner.php(40): App\\Console\\Commands\\ForecastRunner->generateTable(Array)
#1 /var/www/vendor/illuminate/container/BoundMethod.php(36): App\\Console\\Commands\\ForecastRunner->handle()
#2 /var/www/vendor/illuminate/container/Util.php(41): Illuminate\\Container\\BoundMethod::Illuminate\\Container\\{closure}()
#3 /var/www/vendor/illuminate/container/BoundMethod.php(93): Illuminate\\Container\\Util::unwrapIfClosure(Object(Closure))
#4 /var/www/vendor/illuminate/container/BoundMethod.php(35): Illuminate\\Container\\BoundMethod::callBoundMethod(Object(Laravel\\Lumen\\Application), Array, Object(Closure))
#5 /var/www/vendor/illuminate/container/Container.php(662): Illuminate\\Container\\BoundMethod::call(Object(Laravel\\Lumen\\Application), Array, Array, NULL)
#6 /var/www/vendor/illuminate/console/Command.php(211): Illuminate\\Container\\Container->call(Array)
#7 /var/www/vendor/symfony/console/Command/Command.php(326): Illuminate\\Console\\Command->execute(Object(Symfony\\Component\\Console\\Input\\ArgvInput), Object(Illuminate\\Console\\OutputStyle))
#8 /var/www/vendor/illuminate/console/Command.php(180): Symfony\\Component\\Console\\Command\\Command->run(Object(Symfony\\Component\\Console\\Input\\ArgvInput), Object(Illuminate\\Console\\OutputStyle))
#9 /var/www/vendor/symfony/console/Application.php(1078): Illuminate\\Console\\Command->run(Object(Symfony\\Component\\Console\\Input\\ArgvInput), Object(Symfony\\Component\\Console\\Output\\ConsoleOutput))
#10 /var/www/vendor/symfony/console/Application.php(324): Symfony\\Component\\Console\\Application->doRunCommand(Object(App\\Console\\Commands\\ForecastRunner), Object(Symfony\\Component\\Console\\Input\\ArgvInput), Object(Symfony\\Component\\Console\\Output\\ConsoleOutput))
#11 /var/www/vendor/symfony/console/Application.php(175): Symfony\\Component\\Console\\Application->doRun(Object(Symfony\\Component\\Console\\Input\\ArgvInput), Object(Symfony\\Component\\Console\\Output\\ConsoleOutput))
#12 /var/www/vendor/laravel/lumen-framework/src/Console/Kernel.php(160): Symfony\\Component\\Console\\Application->run(Object(Symfony\\Component\\Console\\Input\\ArgvInput), Object(Symfony\\Component\\Console\\Output\\ConsoleOutput))
#13 /var/www/artisan(35): Laravel\\Lumen\\Console\\Kernel->handle(Object(Symfony\\Component\\Console\\Input\\ArgvInput), Object(Symfony\\Component\\Console\\Output\\ConsoleOutput))
#14 {main}
"} 
